ISim log file
Running: C:\Users\ECE\Dropbox\project_new_synthesis_4\dsdl\top_sim_isim_beh.exe -intstyle ise -gui -tclbatch isim.cmd -wdb C:/Users/ECE/Dropbox/project_new_synthesis_4/dsdl/top_sim_isim_beh.wdb 
ISim P.40xd (signature 0x7708f090)
----------------------------------------------------------------------
WARNING:Security:42 - Your software subscription period has lapsed. Your current version of Xilinx tools will continue to function, but you no longer qualify for Xilinx software updates or new releases.


----------------------------------------------------------------------
This is a Full version of ISim.
Time resolution is 1 ps
# onerror resume
# wave add /
# run 1000 ns
Simulator is doing circuit initialization process.
 Block Memory Generator CORE Generator module loading initial data...
 Block Memory Generator data initialization complete.
Block Memory Generator CORE Generator module top_sim.u_imem.inst.\native_mem_module.blk_mem_gen_v7_3_inst  is using a behavioral model for simulation which will not precisely model memory collision behavior.
file closed
Finished circuit initialization process.
# run all
Stopped at time : 24276570 ns : File "C:/Users/ECE/Dropbox/project_new_synthesis_4/dsdl/controller.v" Line 38
ISim P.40xd (signature 0x7708f090)
----------------------------------------------------------------------
WARNING:Security:42 - Your software subscription period has lapsed. Your current version of Xilinx tools will continue to function, but you no longer qualify for Xilinx software updates or new releases.


----------------------------------------------------------------------
This is a Full version of ISim.
# run 1000 ns
Simulator is doing circuit initialization process.
 Block Memory Generator CORE Generator module loading initial data...
 Block Memory Generator data initialization complete.
Block Memory Generator CORE Generator module top_sim.u_imem.inst.\native_mem_module.blk_mem_gen_v7_3_inst  is using a behavioral model for simulation which will not precisely model memory collision behavior.
file closed
Finished circuit initialization process.
# run all
Stopped at time : 16312 us : File "C:/Users/ECE/Dropbox/project_new_synthesis_4/dsdl/top_sim.v" Line 218
