Release 14.3 Map P.40xd (nt64)
Xilinx Mapping Report File for Design 'top'

Design Information
------------------
Command Line   : map -intstyle ise -p xc3s500e-fg320-4 -cm area -detail -ir off
-pr off -c 100 -o top_map.ncd top.ngd top.pcf 
Target Device  : xc3s500e
Target Package : fg320
Target Speed   : -4
Mapper Version : spartan3e -- $Revision: 1.55 $
Mapped Date    : Fri Dec 22 13:56:10 2017

Design Summary
--------------
Number of errors:      0
Number of warnings:    1
Logic Utilization:
  Total Number Slice Registers:         708 out of   9,312    7%
    Number used as Flip Flops:          706
    Number used as Latches:               2
  Number of 4 input LUTs:             1,470 out of   9,312   15%
Logic Distribution:
  Number of occupied Slices:            894 out of   4,656   19%
    Number of Slices containing only related logic:     894 out of     894 100%
    Number of Slices containing unrelated logic:          0 out of     894   0%
      *See NOTES below for an explanation of the effects of unrelated logic.
  Total Number of 4 input LUTs:       1,489 out of   9,312   15%
    Number used as logic:             1,470
    Number used as a route-thru:         19

  The Slice Logic Distribution report is not meaningful if the design is
  over-mapped for a non-slice resource or if Placement fails.

  Number of bonded IOBs:                  4 out of     232    1%
  Number of RAMB16s:                      8 out of      20   40%
  Number of BUFGMUXs:                     1 out of      24    4%

Average Fanout of Non-Clock Nets:                4.92

Peak Memory Usage:  283 MB
Total REAL time to MAP completion:  2 secs 
Total CPU time to MAP completion:   2 secs 

NOTES:

   Related logic is defined as being logic that shares connectivity - e.g. two
   LUTs are "related" if they share common inputs.  When assembling slices,
   Map gives priority to combine logic that is related.  Doing so results in
   the best timing performance.

   Unrelated logic shares no connectivity.  Map will only begin packing
   unrelated logic into a slice once 99% of the slices are occupied through
   related logic packing.

   Note that once logic distribution reaches the 99% level through related
   logic packing, this does not mean the device is completely utilized.
   Unrelated logic packing will then begin, continuing until all usable LUTs
   and FFs are occupied.  Depending on your timing budget, increased levels of
   unrelated logic packing may adversely affect the overall timing performance
   of your design.

Table of Contents
-----------------
Section 1 - Errors
Section 2 - Warnings
Section 3 - Informational
Section 4 - Removed Logic Summary
Section 5 - Removed Logic
Section 6 - IOB Properties
Section 7 - RPMs
Section 8 - Guide Report
Section 9 - Area Group and Partition Summary
Section 10 - Timing Report
Section 11 - Configuration String Information
Section 12 - Control Set Information
Section 13 - Utilization by Hierarchy

Section 1 - Errors
------------------

Section 2 - Warnings
--------------------
WARNING:PhysDesignRules:372 - Gated clock. Clock net u_buffer/next_state_not0001
   is sourced by a combinatorial pin. This is not good design practice. Use the
   CE pin to control the loading of data into the flip-flop.

Section 3 - Informational
-------------------------
INFO:MapLib:562 - No environment variables are currently set.
INFO:LIT:244 - All of the single ended outputs in this design are using slew
   rate limited output drivers. The delay on speed critical single ended outputs
   can be dramatically reduced by designating them as fast outputs.

Section 4 - Removed Logic Summary
---------------------------------
   4 block(s) optimized away
 231 Block(s) redundant

Section 5 - Removed Logic
-------------------------

Optimized Block(s):
TYPE 		BLOCK
GND 		XST_GND
VCC 		XST_VCC
GND 		u_imem/XST_GND
VCC 		u_imem/XST_VCC

Redundant Block(s):
TYPE 		BLOCK
LOCALBUF 		u_golden/count_mux0000<7>11/LUT3_D_BUF
LOCALBUF 		u_controller/ps_cmp_eq00001/LUT4_D_BUF
LOCALBUF 		u_golden/data_out_mux0000<7>23/LUT3_L_BUF
LOCALBUF 		u_golden/data_out_mux0000<0>21/LUT4_D_BUF
LOCALBUF 		u_golden/present_state_cmp_eq000212/LUT4_L_BUF
LOCALBUF 		u_dpcm/cnt_mux0000<1>21/LUT2_D_BUF
LOCALBUF 		u_golden/Msub_count_sub0000_cy<3>11/LUT4_D_BUF
LOCALBUF 		u_golden/shift_count_or00001/LUT3_D_BUF
LOCALBUF 		u_dpcm/cnt_mux0000<3>11/LUT3_D_BUF
LOCALBUF 		u_golden/shift_count_mux0000<0>11/LUT3_L_BUF
LOCALBUF 		u_golden/data_out_mux0000<0>111/LUT4_D_BUF
LOCALBUF 		u_golden/Msub_data_left_share0000_cy<2>11/LUT3_D_BUF
LOCALBUF 		u_golden/count_mux0000<3>35/LUT4_L_BUF
LOCALBUF 		u_golden/count_mux0000<6>41/LUT4_L_BUF
LOCALBUF 		u_golden/count_mux0000<2>53/LUT4_L_BUF
LOCALBUF 		u_golden/count_mux0000<5>77/LUT4_L_BUF
LOCALBUF 		u_golden/count_mux0000<4>68/LUT4_L_BUF
LOCALBUF 		u_dpcm/cmp/c_out26/LUT4_L_BUF
LOCALBUF 		u_dpcm/cmp/c_out93/LUT4_L_BUF
LOCALBUF 		u_dpcm/cmp/c_out233/LUT4_L_BUF
LOCALBUF 		u_dpcm/cmp/c_out287/LUT4_L_BUF
LOCALBUF 		u_golden/data_left_mux0000<3>11/LUT4_D_BUF
LOCALBUF 		u_golden/Msub_count_share0000_cy<3>11/LUT4_D_BUF
LOCALBUF 		u_golden/data_0_mux0000<135>1/LUT4_D_BUF
LOCALBUF 		u_golden/data_5_mux0000<93>14/LUT4_L_BUF
LOCALBUF 		u_golden/data_3_mux0000<110>14/LUT4_L_BUF
LOCALBUF 		u_golden/data_1_mux0000<127>14/LUT4_L_BUF
LOCALBUF 		u_dpcm/sum2_mux0000<6>57/LUT4_L_BUF
LOCALBUF 		u_dpcm/sum1_mux0000<6>57/LUT4_L_BUF
LOCALBUF 		u_dpcm/add2/cla4_0/g_g23/LUT4_D_BUF
LOCALBUF 		u_dpcm/add1/cla4_0/g_g23/LUT4_D_BUF
LOCALBUF 		u_dpcm/add2/clg3/C_out_1_or000024/LUT4_L_BUF
LOCALBUF 		u_dpcm/add1/clg3/C_out_1_or000024/LUT4_L_BUF
LOCALBUF 		u_dpcm/sub2/P1<0>11/LUT2_D_BUF
LOCALBUF 		u_dpcm/sub1/P1<0>11/LUT2_D_BUF
LOCALBUF 		u_dpcm/sub2/clg2_1/c_out_0_or0000_SW0/LUT4_L_BUF
LOCALBUF 		u_dpcm/sub1/clg2_1/c_out_0_or0000_SW0/LUT4_L_BUF
LOCALBUF 		u_dpcm/data2_0_mux0000<139>21/LUT4_D_BUF
LOCALBUF 		u_dpcm/data2_0_mux0000<137>21/LUT4_D_BUF
LOCALBUF 		u_dpcm/data1_0_mux0000<139>10/LUT4_D_BUF
LOCALBUF 		u_dpcm/data1_0_mux0000<137>10/LUT4_D_BUF
LOCALBUF 		u_dpcm/data2_0_mux0000<136>21/LUT4_D_BUF
LOCALBUF 		u_dpcm/data1_0_mux0000<136>10/LUT4_D_BUF
LOCALBUF 		u_dpcm/sub2/s<7>131/LUT2_L_BUF
LOCALBUF 		u_dpcm/sub1/s<7>131/LUT2_L_BUF
LOCALBUF 		u_dpcm/data2_0_mux0000<138>21/LUT4_D_BUF
LOCALBUF 		u_dpcm/sub2/clg2_2/c_out_1_or000034/LUT4_D_BUF
LOCALBUF 		u_dpcm/sub1/clg2_2/c_out_1_or000034/LUT4_D_BUF
LOCALBUF 		u_dpcm/sub2/s<7>188/LUT4_L_BUF
LOCALBUF 		u_dpcm/sub1/s<7>188/LUT4_L_BUF
LOCALBUF 		u_dpcm/sub2/P1<0>_SW0/LUT4_L_BUF
LOCALBUF 		u_dpcm/sub1/P1<0>_SW0/LUT4_L_BUF
LOCALBUF 		u_dpcm/sub2/s<5>111/LUT4_D_BUF
LOCALBUF 		u_dpcm/sub1/s<5>111/LUT4_D_BUF
LOCALBUF 		u_dpcm/add2/cla4_0/g_g18/LUT4_D_BUF
LOCALBUF 		u_dpcm/add1/cla4_0/g_g18/LUT4_D_BUF
LOCALBUF 		u_dpcm/data2_0_mux0000<139>96_SW1/LUT4_D_BUF
LOCALBUF 		u_dpcm/data2_0_mux0000<137>96_SW1/LUT4_D_BUF
LOCALBUF 		u_dpcm/data1_0_mux0000<139>96_SW1/LUT4_D_BUF
LOCALBUF 		u_dpcm/data1_0_mux0000<137>96_SW1/LUT4_D_BUF
LOCALBUF 		u_dpcm/sub2/s<3>1_SW0/LUT3_L_BUF
LOCALBUF 		u_dpcm/sub2/s<3>1_SW2/LUT3_L_BUF
LOCALBUF 		u_dpcm/sub1/s<3>1_SW0/LUT3_L_BUF
LOCALBUF 		u_dpcm/sub1/s<3>1_SW2/LUT3_L_BUF
LOCALBUF 		u_dpcm/sub2/cla4_1_2/clg4/C_out_1_or0000/LUT3_L_BUF
LOCALBUF 		u_dpcm/sub1/cla4_1_2/clg4/C_out_1_or0000/LUT3_L_BUF
LOCALBUF 		u_dpcm/data2_0_mux0000<140>56/LUT3_L_BUF
LOCALBUF 		u_dpcm/data1_0_mux0000<140>56/LUT3_L_BUF
LOCALBUF 		u_golden/data_9_mux0000<61>26_SW0/LUT3_L_BUF
LOCALBUF 		u_golden/data_9_mux0000<60>26_SW0/LUT3_L_BUF
LOCALBUF 		u_golden/data_9_mux0000<59>26_SW0/LUT3_L_BUF
LOCALBUF 		u_golden/data_9_mux0000<58>26_SW0/LUT3_L_BUF
LOCALBUF 		u_golden/data_9_mux0000<57>26_SW0/LUT3_L_BUF
LOCALBUF 		u_golden/data_9_mux0000<56>26_SW0/LUT3_L_BUF
LOCALBUF 		u_golden/data_9_mux0000<55>26_SW0/LUT3_L_BUF
LOCALBUF 		u_golden/data_8_mux0000<70>26_SW0/LUT3_L_BUF
LOCALBUF 		u_golden/data_8_mux0000<69>26_SW0/LUT3_L_BUF
LOCALBUF 		u_golden/data_8_mux0000<68>26_SW0/LUT3_L_BUF
LOCALBUF 		u_golden/data_8_mux0000<67>26_SW0/LUT3_L_BUF
LOCALBUF 		u_golden/data_8_mux0000<66>26_SW0/LUT3_L_BUF
LOCALBUF 		u_golden/data_8_mux0000<65>26_SW0/LUT3_L_BUF
LOCALBUF 		u_golden/data_8_mux0000<64>26_SW0/LUT3_L_BUF
LOCALBUF 		u_golden/data_7_mux0000<79>26_SW0/LUT3_L_BUF
LOCALBUF 		u_golden/data_7_mux0000<78>26_SW0/LUT3_L_BUF
LOCALBUF 		u_golden/data_7_mux0000<77>26_SW0/LUT3_L_BUF
LOCALBUF 		u_golden/data_7_mux0000<76>26_SW0/LUT3_L_BUF
LOCALBUF 		u_golden/data_7_mux0000<75>26_SW0/LUT3_L_BUF
LOCALBUF 		u_golden/data_7_mux0000<74>26_SW0/LUT3_L_BUF
LOCALBUF 		u_golden/data_7_mux0000<73>26_SW0/LUT3_L_BUF
LOCALBUF 		u_golden/data_6_mux0000<88>26_SW0/LUT3_L_BUF
LOCALBUF 		u_golden/data_6_mux0000<87>26_SW0/LUT3_L_BUF
LOCALBUF 		u_golden/data_6_mux0000<86>26_SW0/LUT3_L_BUF
LOCALBUF 		u_golden/data_6_mux0000<85>26_SW0/LUT3_L_BUF
LOCALBUF 		u_golden/data_6_mux0000<84>26_SW0/LUT3_L_BUF
LOCALBUF 		u_golden/data_6_mux0000<83>26_SW0/LUT3_L_BUF
LOCALBUF 		u_golden/data_6_mux0000<82>26_SW0/LUT3_L_BUF
LOCALBUF 		u_golden/data_5_mux0000<97>26_SW0/LUT3_L_BUF
LOCALBUF 		u_golden/data_5_mux0000<96>26_SW0/LUT3_L_BUF
LOCALBUF 		u_golden/data_5_mux0000<95>26_SW0/LUT3_L_BUF
LOCALBUF 		u_golden/data_5_mux0000<94>26_SW0/LUT3_L_BUF
LOCALBUF 		u_golden/data_5_mux0000<92>26_SW0/LUT3_L_BUF
LOCALBUF 		u_golden/data_5_mux0000<91>26_SW0/LUT3_L_BUF
LOCALBUF 		u_golden/data_4_mux0000<106>26_SW0/LUT3_L_BUF
LOCALBUF 		u_golden/data_4_mux0000<105>26_SW0/LUT3_L_BUF
LOCALBUF 		u_golden/data_4_mux0000<104>26_SW0/LUT3_L_BUF
LOCALBUF 		u_golden/data_4_mux0000<103>26_SW0/LUT3_L_BUF
LOCALBUF 		u_golden/data_4_mux0000<102>26_SW0/LUT3_L_BUF
LOCALBUF 		u_golden/data_4_mux0000<101>26_SW0/LUT3_L_BUF
LOCALBUF 		u_golden/data_4_mux0000<100>26_SW0/LUT3_L_BUF
LOCALBUF 		u_golden/data_3_mux0000<115>26_SW0/LUT3_L_BUF
LOCALBUF 		u_golden/data_3_mux0000<114>26_SW0/LUT3_L_BUF
LOCALBUF 		u_golden/data_3_mux0000<113>26_SW0/LUT3_L_BUF
LOCALBUF 		u_golden/data_3_mux0000<112>26_SW0/LUT3_L_BUF
LOCALBUF 		u_golden/data_3_mux0000<111>26_SW0/LUT3_L_BUF
LOCALBUF 		u_golden/data_3_mux0000<109>26_SW0/LUT3_L_BUF
LOCALBUF 		u_golden/data_2_mux0000<124>26_SW0/LUT3_L_BUF
LOCALBUF 		u_golden/data_2_mux0000<123>26_SW0/LUT3_L_BUF
LOCALBUF 		u_golden/data_2_mux0000<122>26_SW0/LUT3_L_BUF
LOCALBUF 		u_golden/data_2_mux0000<121>26_SW0/LUT3_L_BUF
LOCALBUF 		u_golden/data_2_mux0000<120>26_SW0/LUT3_L_BUF
LOCALBUF 		u_golden/data_2_mux0000<119>26_SW0/LUT3_L_BUF
LOCALBUF 		u_golden/data_2_mux0000<118>26_SW0/LUT3_L_BUF
LOCALBUF 		u_golden/data_1_mux0000<133>26_SW0/LUT3_L_BUF
LOCALBUF 		u_golden/data_1_mux0000<132>26_SW0/LUT3_L_BUF
LOCALBUF 		u_golden/data_1_mux0000<131>26_SW0/LUT3_L_BUF
LOCALBUF 		u_golden/data_1_mux0000<130>26_SW0/LUT3_L_BUF
LOCALBUF 		u_golden/data_1_mux0000<129>26_SW0/LUT3_L_BUF
LOCALBUF 		u_golden/data_1_mux0000<128>26_SW0/LUT3_L_BUF
LOCALBUF 		u_golden/data_1_mux0000<126>26_SW0/LUT3_L_BUF
LOCALBUF 		u_golden/data_14_mux0000<16>26_SW0/LUT3_L_BUF
LOCALBUF 		u_golden/data_14_mux0000<15>26_SW0/LUT3_L_BUF
LOCALBUF 		u_golden/data_14_mux0000<14>26_SW0/LUT3_L_BUF
LOCALBUF 		u_golden/data_14_mux0000<13>26_SW0/LUT3_L_BUF
LOCALBUF 		u_golden/data_14_mux0000<12>26_SW0/LUT3_L_BUF
LOCALBUF 		u_golden/data_14_mux0000<11>26_SW0/LUT3_L_BUF
LOCALBUF 		u_golden/data_14_mux0000<10>26_SW0/LUT3_L_BUF
LOCALBUF 		u_golden/data_13_mux0000<25>26_SW0/LUT3_L_BUF
LOCALBUF 		u_golden/data_13_mux0000<24>26_SW0/LUT3_L_BUF
LOCALBUF 		u_golden/data_13_mux0000<23>26_SW0/LUT3_L_BUF
LOCALBUF 		u_golden/data_13_mux0000<22>26_SW0/LUT3_L_BUF
LOCALBUF 		u_golden/data_13_mux0000<21>26_SW0/LUT3_L_BUF
LOCALBUF 		u_golden/data_13_mux0000<20>26_SW0/LUT3_L_BUF
LOCALBUF 		u_golden/data_13_mux0000<19>26_SW0/LUT3_L_BUF
LOCALBUF 		u_golden/data_12_mux0000<34>26_SW0/LUT3_L_BUF
LOCALBUF 		u_golden/data_12_mux0000<33>26_SW0/LUT3_L_BUF
LOCALBUF 		u_golden/data_12_mux0000<32>26_SW0/LUT3_L_BUF
LOCALBUF 		u_golden/data_12_mux0000<31>26_SW0/LUT3_L_BUF
LOCALBUF 		u_golden/data_12_mux0000<30>26_SW0/LUT3_L_BUF
LOCALBUF 		u_golden/data_12_mux0000<29>26_SW0/LUT3_L_BUF
LOCALBUF 		u_golden/data_12_mux0000<28>26_SW0/LUT3_L_BUF
LOCALBUF 		u_golden/data_11_mux0000<43>26_SW0/LUT3_L_BUF
LOCALBUF 		u_golden/data_11_mux0000<42>26_SW0/LUT3_L_BUF
LOCALBUF 		u_golden/data_11_mux0000<41>26_SW0/LUT3_L_BUF
LOCALBUF 		u_golden/data_11_mux0000<40>26_SW0/LUT3_L_BUF
LOCALBUF 		u_golden/data_11_mux0000<39>26_SW0/LUT3_L_BUF
LOCALBUF 		u_golden/data_11_mux0000<38>26_SW0/LUT3_L_BUF
LOCALBUF 		u_golden/data_11_mux0000<37>26_SW0/LUT3_L_BUF
LOCALBUF 		u_golden/data_10_mux0000<52>26_SW0/LUT3_L_BUF
LOCALBUF 		u_golden/data_10_mux0000<51>26_SW0/LUT3_L_BUF
LOCALBUF 		u_golden/data_10_mux0000<50>26_SW0/LUT3_L_BUF
LOCALBUF 		u_golden/data_10_mux0000<49>26_SW0/LUT3_L_BUF
LOCALBUF 		u_golden/data_10_mux0000<48>26_SW0/LUT3_L_BUF
LOCALBUF 		u_golden/data_10_mux0000<47>26_SW0/LUT3_L_BUF
LOCALBUF 		u_golden/data_10_mux0000<46>26_SW0/LUT3_L_BUF
LOCALBUF 		u_golden/data_10_mux0000<45>26_SW0/LUT3_L_BUF
LOCALBUF 		u_golden/data_0_mux0000<143>26_SW0/LUT3_L_BUF
LOCALBUF 		u_golden/data_0_mux0000<142>26_SW0/LUT3_L_BUF
LOCALBUF 		u_golden/data_0_mux0000<141>26_SW0/LUT3_L_BUF
LOCALBUF 		u_golden/data_0_mux0000<140>26_SW0/LUT3_L_BUF
LOCALBUF 		u_golden/data_0_mux0000<139>26_SW0/LUT3_L_BUF
LOCALBUF 		u_golden/data_0_mux0000<138>26_SW0/LUT3_L_BUF
LOCALBUF 		u_golden/data_0_mux0000<137>26_SW0/LUT3_L_BUF
LOCALBUF 		u_golden/data_0_mux0000<136>26_SW0/LUT3_L_BUF
LOCALBUF 		u_golden/data_0_mux0000<135>26_SW0/LUT3_L_BUF
LOCALBUF 		u_dpcm/data2_0_mux0000<141>104_SW0/LUT4_L_BUF
LOCALBUF 		u_dpcm/data1_0_mux0000<141>104_SW0/LUT4_L_BUF
LOCALBUF 		u_dpcm/add2/cla4_2/clg4/C_out_2_or000011_SW1/LUT4_L_BUF
LOCALBUF 		u_dpcm/add1/cla4_2/clg4/C_out_2_or000011_SW1/LUT4_L_BUF
LOCALBUF 		u_dpcm/data2_0_mux0000<139>77_SW1/LUT4_L_BUF
LOCALBUF 		u_dpcm/data2_0_mux0000<137>77_SW1/LUT4_L_BUF
LOCALBUF 		u_dpcm/data1_0_mux0000<139>77_SW1/LUT4_L_BUF
LOCALBUF 		u_dpcm/data1_0_mux0000<137>77_SW1/LUT4_L_BUF
LOCALBUF 		u_dpcm/sum2_mux0000<0>_SW0_SW0/LUT3_L_BUF
LOCALBUF 		u_dpcm/sum1_mux0000<0>_SW0_SW0/LUT3_L_BUF
LOCALBUF 		u_dpcm/data2_0_mux0000<136>111/LUT4_L_BUF
LOCALBUF 		u_dpcm/data1_0_mux0000<136>111/LUT4_L_BUF
LOCALBUF 		u_dpcm/sum2_mux0000<5>_SW2/LUT4_L_BUF
LOCALBUF 		u_dpcm/sum1_mux0000<5>_SW2/LUT4_L_BUF
LOCALBUF 		u_dpcm/sub2/clg2_2/c_out_1_or000061_SW0_SW0/LUT4_L_BUF
LOCALBUF 		u_dpcm/sub1/clg2_2/c_out_1_or000061_SW0_SW0/LUT4_L_BUF
LOCALBUF 		u_dpcm/sub2/clg2_2/c_out_1_or000061_SW1/LUT4_D_BUF
LOCALBUF 		u_dpcm/sub1/clg2_2/c_out_1_or000061_SW1/LUT4_D_BUF
LOCALBUF 		u_golden/data_left_mux0000<0>3_SW0/LUT4_D_BUF
LOCALBUF 		u_golden/count_mux0000<0>_SW3/LUT4_L_BUF
LOCALBUF 		u_dpcm/cnt_mux0000<2>27/LUT4_L_BUF
LOCALBUF 		u_golden/count_mux0000<4>52_SW0/LUT4_L_BUF
LOCALBUF 		u_golden/shift_count_mux0000<2>_SW1/LUT4_L_BUF
LOCALBUF 		u_dpcm/data1_0_mux0000<135>46/LUT4_L_BUF
LOCALBUF 		u_dpcm/sub2/s<6>1_SW1_SW0_SW0/LUT4_L_BUF
LOCALBUF 		u_dpcm/sub1/s<6>1_SW1_SW0_SW0/LUT4_L_BUF
LOCALBUF 		u_dpcm/sub1/s<6>1_SW1_SW1_SW0/LUT4_L_BUF
LOCALBUF 		u_golden/present_state_FSM_FFd8-In_SW1/LUT4_L_BUF
LOCALBUF 		u_golden/count_mux0000<5>1/LUT4_D_BUF
LOCALBUF 		u_golden/count_mux0000<1>23/LUT4_L_BUF
LOCALBUF 		u_golden/data_left_mux0000<0>3_1/LUT4_D_BUF
LOCALBUF 		u_golden/data_left_mux0000<0>3_2/LUT4_D_BUF
LOCALBUF 		u_golden/data_left_mux0000<0>3_3/LUT4_D_BUF
LOCALBUF 		u_golden/data_left_mux0000<0>3_4/LUT4_D_BUF
LOCALBUF 		u_golden/data_left_mux0000<0>3_5/LUT4_D_BUF
LOCALBUF 		u_golden/data_left_mux0000<0>3_6/LUT4_D_BUF
LUT1 		u_uart_baud/Mcount_count_cy<1>_rt
LUT1 		u_uart_baud/Mcount_count_cy<2>_rt
LUT1 		u_uart_baud/Mcount_count_cy<3>_rt
LUT1 		u_uart_baud/Mcount_count_cy<4>_rt
LUT1 		u_uart_baud/Mcount_count_cy<5>_rt
LUT1 		u_uart_baud/Mcount_count_cy<6>_rt
LUT1 		u_controller/Mcount_row_col_cy<8>_rt
LUT1 		u_controller/Mcount_row_col_cy<7>_rt
LUT1 		u_controller/Mcount_row_col_cy<6>_rt
LUT1 		u_controller/Mcount_row_col_cy<5>_rt
LUT1 		u_controller/Mcount_row_col_cy<4>_rt
LUT1 		u_controller/Mcount_row_col_cy<3>_rt
LUT1 		u_controller/Mcount_row_col_cy<2>_rt
LUT1 		u_controller/Mcount_row_col_cy<1>_rt
LUT1 		u_golden/Mcount_mem_count_cy<0>_rt
LUT1 		u_uart_baud/Mcount_count_xor<7>_rt
LUT1 		u_controller/Mcount_row_col_xor<9>_rt
INV 		mem_clk1_INV_0
INV 		rst1_INV_0
INV 		u_uart_baud/T_clk_not00011_INV_0
INV 		u_golden/stall_uart_inv1_INV_0

Section 6 - IOB Properties
--------------------------

+---------------------------------------------------------------------------------------------------------------------------------------------------------+
| IOB Name                           | Type             | Direction | IO Standard          | Diff  | Drive    | Slew | Reg (s)      | Resistor | IOB      |
|                                    |                  |           |                      | Term  | Strength | Rate |              |          | Delay    |
+---------------------------------------------------------------------------------------------------------------------------------------------------------+
| TxD                                | IOB              | OUTPUT    | LVCMOS25             |       | 12       | SLOW |              |          | 0 / 0    |
| clk                                | IBUF             | INPUT     | LVCMOS25             |       |          |      |              |          | 0 / 0    |
| reset                              | IBUF             | INPUT     | LVCMOS25             |       |          |      |              |          | 0 / 0    |
| sw                                 | IBUF             | INPUT     | LVCMOS25             |       |          |      |              |          | 0 / 0    |
+---------------------------------------------------------------------------------------------------------------------------------------------------------+

Section 7 - RPMs
----------------

Section 8 - Guide Report
------------------------
Guide not run on this design.

Section 9 - Area Group and Partition Summary
--------------------------------------------

Partition Implementation Status
-------------------------------

  No Partitions were found in this design.

-------------------------------

Area Group Information
----------------------

  No area groups were found in this design.

----------------------

Section 10 - Timing Report
--------------------------
This design was not run using timing mode.

Section 11 - Configuration String Details
-----------------------------------------
BUFGMUX "clk_BUFGP/BUFG":
DISABLE_ATTR:LOW



RAMB16
"u_imem/U0/xst_blk_mem_generator/gnativebmg.native_blk_mem_gen/valid.cstr/ramloo
p[0].ram.r/s3_init.ram/dpram.dp1x1.ram":
INIT_00 = 227DBBB95F763FD5A25BFAE2B4FFF9F5267B6A6FB2E5EF5B5FFBAB5E6FB5FFEF
INIT_01 = 06BFDDCB553B5FEBCEABCDAB772BC7AD0CF7769DFFFAFEEFDDF6DEFEC9EFFFED
INIT_02 = 2EF2ECDFE4F56BF74FFF555169F7FF761ED9A3725F96BD8A6B5CFBECCE2CD5BF
INIT_03 = FF705D585232C3BD5D03C524FADEABEBBF4443109FAD3A777B77CAB49508ABB6
INIT_04 = DB18A299D2FFFCFACF006AEAAD46B77BAB6DA435DFDEFDF5A481397BFB64EDB5
INIT_05 = EB31D3D745BD9FA1ED29A0F5F1276E6A9B056C62686FBE5DF50212ED77B0EECE
INIT_06 = 3871435F7E497A556F72811BD124846A6A84ACECEBE0C2A6DA097A394EB91FB5
INIT_07 = BECDC73CA3F78BAFB66547FC548117E4F27728B77FEED4AABD08B529F65550B2
INIT_08 = 95D58F741EA3E76CE88042F43DCCA7847E60391014E87E8EB11225AC0A6EF92A
INIT_09 = BA617608D9E8BABEB981155F85EDFEAADE7A4F153EDD5D7190B2A0FFFFFD78AA
INIT_0a = F7721FD99585696DE42804BD853FE284EE153C04D43BE5FAF0544B6DB6D7DF52
INIT_0b = DEF0F400FBD56B56BAA4245581D12D823E45796AABEBF6FB5291026AB8B7B6DA
INIT_0c = F04F20410B2E93FF6950F0B7B4E3FABDDF4D9017845A7FFF22C243D27E334004
INIT_0d = 7DC7C1AFFBFB7FFF94838A6EF808791FEC5AF02BD4CEC7FFE572667BAAFA3ADB
INIT_0e = DC1BFFFDC0729FFC8CA27090F433FAF0EC21001EDD7FF3ABDE6012D2F71771E6
INIT_0f = DC26C29F77E850B840289F4436E978F7F990F66BFFA3EF13C8002E277B4CF0E7
INIT_10 = AF6DE3D4FAFFFF849C142CA675AEABEF7CC5ABAFFCFF3A4082C38ADFFAFB79A5
INIT_11 = 067FD3176B7FFD00501608BBFE8017F0AD01642AA9FF7740380BEBDAFC87A7FE
INIT_12 = 807DEDF526FFF005102E52B1512F60B90F1D919AF2BFCF02000BED762D09E4BE
INIT_13 = 20AEDAD40A7FD300042CABDF5B3BE7F9D0D7AD6D2B7FDE09C034D16AAB1EC17F
INIT_14 = 6EDDAE22157FC10E00E84FD76122D3EC0A7FDAF69EFFD0084004E5F6B094E792
INIT_15 = 34BDBACD15FFDC80083537B7A37AF80C0A5ADAF03AFFF802007A96DFD692A352
INIT_16 = 81B27B2255FFC92BA10296AED45FC24F24D5397C76FFC215016F2BFF4B144195
INIT_17 = 98CEFB84EBFFD0C00144ABEF9797936F723EFB16E7FFF04005953F9F2127C30A
INIT_18 = 1DF755F9B5FFC8B822855EB8847FC2F207EF7BD59BFFE05D8275FD1F6A0DE2CE
INIT_19 = 0FD7FD39B5FF82AA00252A3F528983403A7DFDD157FF90400314BF9D59552D10
INIT_1a = F57FF1D2DDFFA08006A9EA7DC65E945060CFD8D36FFFE11C0E6FDFBBB155E686
INIT_1b = 62ABBDC2BBFFC2000C4DD1FF6FDF02AAF65EEE61977FB04E016EAEEFFF3D88D4
INIT_1c = 0CFAF9D335DF9240ECADE2EDF729A6004DBFFAE3D6BFA9203E44FE07BF211300
INIT_1d = 8A9FF1D69557C800242D3EDFF93ED7C887DF5995D6BFA0000A59DEFFFC6D8D44
INIT_1e = 3B5FF9ECD6AFD2010BF6F98258B6AE484DED5EFF69D7E92186FDBF9679DD56DA
INIT_1f = D7A5F8FE3DABD03F73EEDAF510561A044AF6A6097577C0033767C88281915283
INIT_20 = 8EBA493B4CABC0737E783F7482AB13958D5F784B0F5FE0359B793BA3202B6220
INIT_21 = 557159385E5BA2FB45E7BE75A3B7448E0B7BECB447B6D14FFAEE39FA04556D08
INIT_22 = 8ABFA12DE06112DD4339A8E7432550902DAEAE1B8BE1008C05B96EFB47A78A42
INIT_23 = 2BFA262D240B81142A2F67E79CD4061115A7FC7E500BB40A0AE7FEF780C60842
INIT_24 = 5ABFA8B7B8EEC1803A6EFED80F91D844193EAE16B277E35A9474EDD21172B111
INIT_25 = 26FFA81FF976F0B8156870281446F4541657DE17506FE47CDDEEEA001F31D100
INIT_26 = 2FEFFFCDE011E2B65EB1680004D726545DE856CBA02B908D6B7FC19802149A94
INIT_27 = 1AAAA9B288299755BD75B1C00018800B5DB5AEA4E826725ADEBA50A009850801
INIT_28 = CD2ADDB2D8395290AD75C57C8417A49BB7FD3761780DF16D7FD32010014F1551
INIT_29 = BB6DAF5CD42672CA3D37C110432BA4005BDEE412D8BDBD36CEF4C87080AD0900
INIT_2a = 39BD64E96A098FEA3D5644A184AD004176DB3FF9F409C5FB6A0901C0CABB1B3F
INIT_2b = 88FAADA0A519CA957B8A0A820071262B27776BD4940547F87B6D29038A5709AF
INIT_2c = 6B3DF6D93F045FFFB42B120F97E64B5FFD9FF6685E001FEEFCB498004B60200F
INIT_2d = A76AA7FCAD889FF6F549545E1364601F7ECABF703B801BF97C75501F3ACB11BF
INIT_2e = AEAE9ADC1AC05FF7B5692004A5735A5F575A29E9358A1FF9D856000C2090E8FE
INIT_2f = 827A053977201EFD92C780018AA03D750DFD807426C47BFA797285CAD754CFEE
INIT_30 = 3BB67FFF04D25BF5A39710809B027BAB695D48528B6017DA54548952B8B7C3D9
INIT_31 = 2F968F7EA8AC5555C512008EB3ADB52BC7714A8B3DC835F2CD603135547BF7FA
INIT_32 = A6BEFB72D07ACDC55230F499F92AFDCB7B535AB5E05E1F640A58042E414ABD7C
INIT_33 = E2DB2EBC347C194E142102D5D5FECAACBD67FF4520283F180411C86512FF3F57
INIT_34 = BD4B05AFE58B1C523902CBB7ABA5EB75FF12695F69FE5E082A0355F99FD757B2
INIT_35 = 5B26659D15074C0071A81D36DB77BFEEEB339EBAD826DD10022A80D3FDEDD596
INIT_36 = 7D8CBCBF8ECBA850ED52B07D1AEDF1D1940DFFE705071100020B0FE31DFFDDBF
INIT_37 = FDCBF7B20792996CDAB578B6DADDB575EA8BCB4E1D7CD811E26F839A2EF25EB7
INIT_38 = 50B7DF22067D94BFE6FF55F794F57EDD0FD659FD4101F8EFFEADCE8FCFFAEFF7
INIT_39 = 32F7DBA848EBB3FAF9E4A403A725EEDF194FAD6C040E7BF7F79F716F6D7FF7B1
INIT_3a = FE6F5B6A4102EFEDDE9EFAD5D656DFEABB89796DB20DDFF81D6F5777F94CB57A
INIT_3b = 9FFBDD38082016285046FFEFD09EDFEE5535B7FC83CD23927E15A8BD7AF8B357
INIT_3c = 394AB5E22A13414AA4C3F17176B445FEA09667CB228430557F7BFAB8BC8AD019
INIT_3d = BCBBF3B6040428A75ADDEAD8559C0E8BD505AF5C48001410AB66AF7FEDC168BD
INIT_3e = B26DFDB1125BFFA8090A4F3E8BF2B53D55AD1FDBA5FFF8D0000715CDF96B444F
INIT_3f = 48ABBFD5F7FEFF100010B55B4E92A868AE9B3FDCEFF7FC408824AAB7FF176ADE
PORTA_ATTR:16384X1
WRITEMODEA:WRITE_FIRST
INIT_A = 0
SRVAL_A = 0
PORTB_ATTR:16384X1
WRITEMODEB:WRITE_FIRST
INIT_B = 0
SRVAL_B = 0


RAMB16
"u_imem/U0/xst_blk_mem_generator/gnativebmg.native_blk_mem_gen/valid.cstr/ramloo
p[1].ram.r/s3_init.ram/dpram.dp1x1.ram":
INIT_00 = B9024446A089C02A5DA6851D4B000608240495904D1A10A4A00454A1900A0000
INIT_01 = 30802234AAC4A0943155325488D4280201888962000501102209210136100000
INIT_02 = 008D13221B1A9408B000ABAE96082089C0A65C8DA4694A7594AB0C5331D31A40
INIT_03 = 000FA6B7ADCD3C42AFB4FADB05215514003BBCEF6052C5888488B54B6AF75649
INIT_04 = 01A75D772D9003A1BE95453D52B94C8402D25BCAB421020BC3419ED506DB124A
INIT_05 = 000E2E28BAEFCCFF1AC65F6AEEDA9595007A939DD7B6D5AA6BCDDD12AD4F1131
INIT_06 = 000EBCB3FCB6D7AAD2AF7576EEDB7B9500FB53BF35F77F59FFF629D7F156EA4A
INIT_07 = 04BAB8DBFFBB74D4DBBAF9BBEB7EE81B0108D76D8F5DAB5F7BF75FEE9BAAAF4D
INIT_08 = 406A728FF95D3ABBB7FFB7FFDF33587B001FCEEFFB179773DEE5FFFDF59146D5
INIT_09 = 001E8BF7E617E5D2D6FEEFFFE6D201550345B7EAD33AF6EFEF5F1BFFEE029755
INIT_0a = 0B8DFBFFFE3FB7D55FF7FFFFF7B7FDFB066AEBFFFAC59BAFAFA395FFEF2BF8AD
INIT_0b = 008F7FFFF6AA9DBD751BDBFFBF6F807D093ABDFFEE855EAFBF66FCFFF7FCD145
INIT_0c = 04395BBFFFF56FFABEA7FF48EAF26D7222B3FD3D7FA7F3FADBBCFB6D81E3F57B
INIT_0d = 013DFE5FFFFE9F7A7FE40C1303A0FD7200A7BF77FFF72AB757AF9101772A3D14
INIT_0e = 04ED0002A9BFFFADF3422004028C101F03DFFBFFF7FF4DFF2B80110181A49A19
INIT_0f = 00DD821F76BF2F4078288A0D08169B09016FF660107F7EFC084014002D235F18
INIT_10 = 829263D4F8B400849514282CE8815B110D7A6BAFFC444040C2C1047A88449D1F
INIT_11 = 0402AB1762A48000560208E1931AD65F0165642AA94980002909414842184FCD
INIT_12 = 002495F523528007102443C0E210FB160000619AF14805020409456280161B21
INIT_13 = 000002D404A4810004240B8980055B468000056D0CA9140B4010A1E0C0211E50
INIT_14 = 00002B221AA4801BC8C00F0D82051FF700040BF68D1200084804A6900A03B7ED
INIT_15 = 280028CD2A9488070029131C044D1B5B04000EF015490813A02A148A09DFFF6F
INIT_16 = 000108222648893AA1011C083EA8175000008C7C5B22021D002A392814439D4A
INIT_17 = 000408C4B52910D0814082B838C1B75250000516C294B0C0009438040C506F35
INIT_18 = 00000838DA4888EB028970082908661F000084D56D64A0750024A81004D23BF5
INIT_19 = 00000038DAAA82AA00092082F8E62FBF000000B1A55110700110EA9004A36DBF
INIT_1a = 200A8B136AA520B90240A0402929763F00000A73BA90A1F404426AE954926F3B
INIT_1b = 40000F03F55282840847418403A8675750000022DEA8B0CA0A8A004B3CC26D2B
INIT_1c = 0000039BFEAA9240EC80553BE6BFFEFF000000437FD4292A360177C00FC65AFF
INIT_1d = 00040F17FDA48C50940CFFB85D8CFE7F00000B3FFF74A0E4011129D9E51AAEBF
INIT_1e = 0000153FFFD452800A54F4E8A342F9FF0000095DFEEAA96104DFE8EAD029DCB7
INIT_1f = 0000053CCFD5143DF244E12C4B0339FF8000294DBFBACA8AF354992D2431F5FD
INIT_20 = 0000146AB775527D3FFA8012351F72EB8000052A73ED68CF2A7B14A48AFFE1FF
INIT_21 = 00201A119ADA32C4B7C0C7C2143FF37D000003059BFAD992CA312007495FE3F7
INIT_22 = 000206D88F811ADD01E74268145F4F6F000404A1F44000968521DF64285787FF
INIT_23 = 0000025A3BAB11552E4A4CC802BD1DFE00000788E031350A0A136C405A0717FF
INIT_24 = 10010B4CBAEE21823E84F1A550752FBB001481CC3FF722A81CE65B28AC160EFF
INIT_25 = 000003C0B97622941D398A94A9B68BEF000003ED516F34685CCC414A01592FFF
INIT_26 = 0840033050B120545C1A85957130DBBF100001A5222B21284E0D0461AAF16DFB
INIT_27 = 000000EC08A9252494384828DB6FFFF6100001D2A92622A84A090BD64663F7FF
INIT_28 = 000000A9A8590000B4201385425AFBF60000009B282D204111640B42A655EEEF
INIT_29 = 000000319426200090000A4B945EDBFF000000FD88ADA40A485A21806EF7FFFF
INIT_2a = 20000030D20822808008990A1017FFBE1000000644491041384456160404FEF5
INIT_2b = 0010805865092201C150A429188EFDF6000000EBC45520A2C000925461EAF7D5
INIT_2c = 00000024E10420856170A80021DBFEE010028075720020038001C54D223FDFF0
INIT_2d = 00000022188020938BE2A101615FFFE02000001E4A880403C9002540417EFF60
INIT_2e = 000002494C40000A419C82A007AEB504040029255D0A200F210000008A7FBF00
INIT_2f = 800000228020202B47000AA01EDFC0000000002B8C44042D8208009008EF7000
INIT_30 = 0930280C59A0203E0808220628FF00004014480D420320AFAE3A000D05FC2000
INIT_31 = 0482026F446822AE2849682180F6000082400006804000CD3A0424088BD60100
INIT_32 = 00100001861292FAA940800587F0000000000202157301FA94E0829016F00000
INIT_33 = 00000000C1A406F1A18408003A00000000022800DA8881F278C00103B7400000
INIT_34 = 28400020F84603ADC4A60018D4004000AA02200024A401F64150020E40000000
INIT_35 = 0800408DB4B103F7AE5C204BA400000043131012D71407E97500000E90000000
INIT_36 = 00000021BF9643FE3A0C8BA01000000000002027D6BC86FFCDB0F23840440000
INIT_37 = DD800283FE6507F9B7AAA096C00000002800004BB9C087FE5D507C0200000000
INIT_38 = 00A000075EF22FEDFB67056B4000000009000017EDCC07EFED740E8D80000000
INIT_39 = 124000095EEAD7D350EDFD55EB0000000002806EB7EF07F7C2DBFBB754000000
INIT_3a = 946A0A6BFDABE0ADFEBFFAF4900000002881082FF7BFEEE017FF5777F0000000
INIT_3b = 8051042AEBFF76E43546FFDF90000000151401BFFFFFEFAFFEBAAD5578000000
INIT_3c = 200000B7BBD75F5EF5F3E9B336000000000000CB76EFFAF5FF7BFAB8A8008000
INIT_3d = AC0020ABBDFFFCB75EFDEAD84A8800001100011EFEBFF6F0EFDEAF6FE5804008
INIT_3e = B20094BDFFFFFFFDABFA5F3F0061480010A91B5FFFFFFBFF768FBBEEF8040000
INIT_3f = 080818DFFFFFFF5FBAF5F56FEF9168002C932BDDFFFFFEF5EF67AEB5DF120010
PORTA_ATTR:16384X1
WRITEMODEA:WRITE_FIRST
INIT_A = 0
SRVAL_A = 0
PORTB_ATTR:16384X1
WRITEMODEB:WRITE_FIRST
INIT_B = 0
SRVAL_B = 0


RAMB16
"u_imem/U0/xst_blk_mem_generator/gnativebmg.native_blk_mem_gen/valid.cstr/ramloo
p[2].ram.r/s3_init.ram/dpram.dp1x1.ram":
INIT_00 = 6C8044468089C02A5DA6851D4B00060AEC8494904D1A10A4A00454A1904A0010
INIT_01 = 09C02234AA44A0943155325488D4385292888962000501102209210136100012
INIT_02 = D18D13221B1A9408B000ABAE9608208921A6148DA4694A7594AB0C5331D33A50
INIT_03 = 000FA6B7ADCD2C42AD04FADB05215514003BBCEF6052C5888480B54B6AF75649
INIT_04 = 24675D772D9002A0BEA5413D52B94C8454525BCAB4210209E3519CD506DB124A
INIT_05 = 144E2E28BAED8CFF1AD61F6AEEDA9595643A939DD7B6D5AA6BCDDD12AD4F1131
INIT_06 = C38EBCB3FCB687AAD0AF7FE2EEDB7B9595FB53BF25E77D59FFD6AD57F156EA4A
INIT_07 = 41BAB8D9BF9B74D4DBBAFCCBEB7EE81B2C88D76D859D2B5F73E61AFE9BAAAF4D
INIT_08 = 6AEA72FFD95D3ABBB7FFBDCB5FBB597B811FCE8F9B179773DE6DFB7BB59146D5
INIT_09 = 449E8BF7F017E5C2C6FEE5EAF6DFFD552045B7E2F32AF6EFEF1F5F3FEE429755
INIT_0a = 090DF92E6C4BB7D51FF7FFF67F68027B12EAEBFB79049B8FAF8BB19FCE2807AD
INIT_0b = 218F77FF46909DBD744BDBAA827E403DC0BABF954F9D1E8FBF6EFDB5FFAA0025
INIT_0c = 4EF95802F5F00F78BE0FFEA341206E023033EF597FA273F8DFB5FFF240E39A9B
INIT_0d = 833CC0D9A5569D2F7F633A110477164A1427B826BBF718135DAF67F004E7C42C
INIT_0e = A1EEB3FDC1BD66BD87511004096C02CF90DFF83FD7874DF4667A2091086C8008
INIT_0f = E1DD03B2BF402082E8AC0A0981268249816F7DEBFFBFFAD31C00240000D34328
INIT_10 = D29203B75F4BED24B5151008826144C1857AA9ADFFBB3A80CAC380200524908F
INIT_11 = F9E2A3577DDB648175160040087001405381456ADEB65600EA4920000178425C
INIT_12 = 7F96D5B5FDAD5047182401440CE0C110F4E233BAFFF7C9025A09000052F20126
INIT_13 = DF512BD5FFDB5114E524010024F5C1482F284D6D77D6D4094030408114DAA1C7
INIT_14 = 952272ADEFDB401AA04004081CF4015CF58822F6F3EDD01AC80802014570C040
INIT_15 = CB4264DBFF6B5402E01202085AB4909CF5B520EBEFB6F00750280000202781F2
INIT_16 = 7E4C84B3FBB7153AA000080101180286DB2A42DFADDD891D41201000A0B30044
INIT_17 = 673104975ED690C940800010423190AB8DC1083F3D6B68DCE1001020D2A003EA
INIT_18 = EA88A23F6FB748ED0100200552B882B2F810085EF69B22750220004091222206
INIT_19 = F02A0ABF6F550AAA0010000005148080D5820A1EFAAE906E02004040A215AD90
INIT_1a = 4A80083DB75AB0D00200010079DB14109F30243CD56F51B488002040AA642642
INIT_1b = 9D54400D4EAD624004020400755A4242ADA91A1F69D720CA0000000058300800
INIT_1c = F3050C0CCB7537C0A80087F68B48A480B2500C0CA96BA9E4140100ED23301200
INIT_1d = 756018096AFB4B800001E298EE7CD44878A0A42A29CB25404402467D58EA8C04
INIT_1e = D4A00A13297BD2013AD7D7ED24B2A848B252AC12973D6929DC789F89A65555DA
INIT_1f = AC5A0601F27ED82333E30C52A4F01004B5297C86CACD6457F6759ED05B455083
INIT_20 = 7145A682FBDEC87C6CFA006948FB178172A08282FCB2F07EBB78C15855136420
INIT_21 = AA8EB4C025A5EA7B42002F184AD7480CF49414403C4DD15CBA314760F6A56500
INIT_22 = 75405F00DFFF528D00C032F2A9B54000D2555340BFBF10A8000014A1D2B28246
INIT_23 = D405D98031FFA10A0488E41175342410EA5A02004FFFB4140014E7ACA5E60042
INIT_24 = A5405EA02CEAB1001437A20AAD301800E6C1D22012FF73500846C9C743B26011
INIT_25 = D9005730697CE01008F115435665C044E9A9210090EB64A80845B6B5EAB05100
INIT_26 = D09000C8205762280844326A8EF80614A257AD5000EB208004005A0E55320890
INIT_27 = E5555700012BA2001082269724888003AA4A550848E421500004A409B9B90001
INIT_28 = 32D52255101D6000100AE8123DD3A0934802C8E4094D60A00028D4AD598F0441
INIT_29 = 44925042083E20000088F4A42BCB8000A5211B8000AD200000015E2F91450900
INIT_2a = C64A9B4E0439A54000A12274EF850040A924C078000990A01132A8A97B801E35
INIT_2b = 7705D2670229E000802551D6E7A42462D8A89440000D2242849244A91E860185
INIT_2c = 94C2093A000CE2004B8445FADF424A480268098AA01C2B01034A32B2DD200002
INIT_2d = 58955A1D4004AA0100140AEA9FD47009813540A181242A02828A8AB5AF4E5120
INIT_2e = 51516526A002CC080A025D5FFE2210A8A8A5D69A800A660207A9FFFF7610E825
INIT_2f = 7D95FACD0800E9002838F45FEF8002AAF2027F8C50046A0004857F4FF446449B
INIT_30 = C44D8007A20164085462CDF9D002845496A2BFAEB4012C0421817FF2FEF41C26
INIT_31 = D26970C293086A8012A497DA74E44AD4388EB57542005A00209BD3F77A720805
INIT_32 = 5941048D6B80CA00049F5FFAF1250234A4ACA74BEBA3080161077D6FF0455293
INIT_33 = 1D24D143FA00040B4A5BF7FFE0413553429840BA85C00085832EFEFDFAC0C8A8
INIT_34 = 42B6FA50333400801259FFE7485A168A00ED96A01A00000194AEFDFBC128A94D
INIT_35 = A4D99A60024800185123DFF78E89401114CC614438C800C68ADFFFFB1A122B69
INIT_36 = 8273C3408120012085E3758BE5124E6F6BF2001803408450324E0DD9AA20AAD4
INIT_37 = 02350840043800044855EBC925326ACA557434B0132A4841A2AF3DFCD14DB558
INIT_38 = AF4820D0000B2A1215F0A2006B4A85AAF0A9A601412A2800121DF350300D1009
INIT_39 = CDA8244008846C2C6600008818DA1120F6B052C004078C003B20281012A0084F
INIT_3a = 0190A48041029F520400000A29A9201544568681120811DBE004000006B34AD5
INIT_3b = 6004228000200400008000002F612A11AA4A4800804D0C405000020285076CE8
INIT_3c = D6B54A002003400000080484895BBB015FE998012284200000000002437D2FE6
INIT_3d = 414404000404280000000002AA63F9742AFA50804800140000000000123E9742
INIT_3e = 4D920201105B7F2801000000540D4BEAAA52E012A5FDA080000000200694BFB2
INIT_3f = B7544005B7EAC51000020000016D57D75164C0184D47D0408020000000E8B529
PORTA_ATTR:16384X1
WRITEMODEA:WRITE_FIRST
INIT_A = 0
SRVAL_A = 0
PORTB_ATTR:16384X1
WRITEMODEB:WRITE_FIRST
INIT_B = 0
SRVAL_B = 0


RAMB16
"u_imem/U0/xst_blk_mem_generator/gnativebmg.native_blk_mem_gen/valid.cstr/ramloo
p[3].ram.r/s3_init.ram/dpram.dp1x1.ram":
INIT_00 = 6AA24CBFE1DFC06EFFA57FCE37F38302FBBFBDFFFDD59F7EFFE7AE10064041F9
INIT_01 = C3FF3F757FFFA37F3FAADEA9E7A138F3FC9E8BF3C66FE19E7D0EFFC4C3BF8433
INIT_02 = E1EFF73DF765F757FFCA509165E821DD33E6DEEF5BBFF38FFFD5F788C1F3B259
INIT_03 = 019FFBE977E23B015088046403A3F57441DB6FF6DC7F266773F642B08587C24F
INIT_04 = A6780608D36EC81A8ECA924C08B94D04574DB4714BF0D1804A2E110901539678
INIT_05 = F5DB8227C0104CFEB9C40150169AF5EEECCD2C00A2581D286FF025001141117B
INIT_06 = 39DC000E00FFFBC9CFA655320E0FFBFE7D9C4C8588977FAE39D028460056EAFD
INIT_07 = 3D8540F3481C753C2FA05F796FFFFFEF5CF7096CAAF031460FC01FE83BAB7FF2
INIT_08 = 1D640300D1DC05F85FD017215FFF77F439A00EF0A63F80F02E402E8581FF7DFE
INIT_09 = 1FCC190808801FC17ED00592A1EDFFFA1CE0425C49700BE03F120BC766FDFFEA
INIT_0a = 85C09FF5D9C85FC2FEA015C878F3FC340DE0EFBFA5027F805F8001E1DEF132D2
INIT_0b = EDC330024D677D03F4000BF3BF41BF43C4C06F14F070EE80FF4004C8D7BED5FA
INIT_0c = ABEB0231BE05CA07FE00175CFCF3F27CF573988500301287FBA043AD8E12B354
INIT_0d = 417D5316055FE195FE6C3893F8A8A1EFF3C60886BBF8184DF5A7918378D0399B
INIT_0e = 6BCF5FFFD6202453F37C8A05E1BF0B406875040006075F8B8B83C003E09508D7
INIT_0f = 23FCA20001408352FDD7600F61C93B816FAE9C1FEFA385DE1EFFC107D1BC7FC2
INIT_10 = 26AD7B90024BF004BFEA803F03BA0E016AFE990400BBF500CFFC407F45BB1B55
INIT_11 = FF00770209DB70017FE940FE0BB52330D29BEC2000B66800FFF4015F83BC892C
INIT_12 = FF7023A005AD6A07BFD103FA0F3F2A90F421279043F7F0027FF4057D13ABC018
INIT_13 = FF3001C00EDB6815FFD20BF42F3A2260FF08136827D6E00BEFCA01FC17156068
INIT_14 = 94E081A00FDB681FFF150FF01F2AE180F4695DD413EDE41AFFF027E84EAC22C2
INIT_15 = C8C093C83F6B6007FFC017E05D2B61A0F47013E02FB6C217FF8017F02F282320
INIT_16 = 01C272A073B7613FFEA81FF13E0EE128D0A110D42DDDF01FFE803BD0BF2463C0
INIT_17 = 60A013405ED6E0DBFE10AF407D2601C482C8BE90256B40DDFA403FC0DD2FC0C0
INIT_18 = E96809716FB740FFFC217FC57C2341C0D3D05AD0F69B407FFD80BFA0BE2CC148
INIT_19 = F1FA01B96F5562BFFE817F42FA284180D07A11A0F2AEE07F7C40FD20FD004200
INIT_1a = 45A020D1B75AC0FFF901FE80D06C81C081F00DB0D56F41FFF102FD01E8698084
INIT_1b = 83D014D14EAD42EFF107FA050F6C8028A3E803A349D740DFF40AFF0B907F8254
INIT_1c = E5E50CF8CB7557FF100550EDCF6900008F502DE0A96BC9FFC003880DB1298400
INIT_1d = 0F2144C168F34FFF400B1040B07B000006801CEA29CB45F7A01966F53E490110
INIT_1e = AFA006E3297B97FE8E920383D89F00000F5018F2973D6BDE0442330220790000
INIT_1f = 83DA0AF4F27EDFD01036ACFF50D280018B280840CACD0FBE203868FFA17E0A00
INIT_20 = 0D400A7E3BDE9FA2887D407EA0C40C010FA00E6A7CB2BF805C8301FFA15C1400
INIT_21 = 5E8006388481BD0427FD6A5FA2C0080D0A9506A59C4C1EA08A7E117F04D01802
INIT_22 = 1F4005380FE08D2003BA20AD41D010012A000D305FA19F4005BEC58E02E00006
INIT_23 = 3C0025B88BA8BEA02E01089E95E020101F5A0179603ABAC00A8E8EFB05908002
INIT_24 = 5F40019C47E9BE503FA2D2B50DC0C0015680071D4FF0BC041D909BF803F00101
INIT_25 = 2D00028C07F5BD401F2417FC179700006806DE9C2FE8BB005F88B7EA0BB10000
INIT_26 = 3C8005440FF0BD005FA037D50F2728405A4012CC5FE8FE006FF05EF097A69210
INIT_27 = 1F55006637E87880BF406F682F3000037A01AA4617E5BC00DFE0AFF43E2C0001
INIT_28 = F208DDB387F8BD40BFC2FFE83A040093C840252307ECBE013F80DFD05E400441
INIT_29 = 1BD240F183FCFD00BF40FF503C4000017D00003387FC7A825FA17FD0BE280B50
INIT_2a = 3E48005DC1F87800BF01BD80F8E000405F2400C943F85E017E82FF4074889EB5
INIT_2b = F70025EEE0F87D41FE85FE02F890246127A82048C1FCFC02FA42FF0174501185
INIT_2c = 7EC2001670FC7805F405FA0AE002EA47FE68002671FCF403FC0BEC02F1200005
INIT_2d = 07D55A1B387C7413FC17F44BE2D774167BF540D7687CF40BFC0BF015D20E511F
INIT_2e = 2ED3451D9C3E100AF41FA01F052210F756F7D699BC7EB80FF82F40AF8118E95A
INIT_2f = FD900514861E302BD03F005E09800FDF72040055EE3E942DF80E854D064702DB
INIT_30 = 2C0C0007658F303FA07D05FE1C00157F76A0005A6B1F70AFD0BE8BFD1EF40FBE
INIT_31 = 72100003B0E332AFC2FA17F43CE1EFDFF800000725D600CFC0B413E85372FFC5
INIT_32 = FD41008CD87192FF45E05F60E925C7FF5C104896D87111FE81F83FD048C3F2AB
INIT_33 = FD240028825D96F40BA17D01FF3EFFFC7E9040045C2991FA03D0FF818AEAF7FF
INIT_34 = FA9200818F0E93FE1781F407FAFBFC9FFFE5104C761C91FA1742FA0BA1AAFFED
INIT_35 = 6CD10510DDC753E27E83E0771156BFD5D40002AB1B8657781D2BF819F5FFBF7B
INIT_36 = 7F77C3664C61B280BA07C15E5FFFBFBE97F20083E4C3F7A83D8EF1CF27DF556B
INIT_37 = FE251003D0C8B684F517183FE2CFEFDFB554020F6289B7A1FD2EC786CFBBB7FB
INIT_38 = EF400A17FF1D7D17E8FBA2006A117A55708209A7BE025703FC0FC8DDD002BFFE
INIT_39 = 3FA0044FFFF5343EAE1A00893825FFBF2EA0040FFFF0C702DD700811505FFFFE
INIT_3a = FD90010FFDAB6F4E2140500A2016DFFFFED782BA4DF092F82001A9A8105FFED5
INIT_3b = E00462BFFFFFE9DFFF790001FF6015FE7F4A003FFF7FCC3FFD400217FB8097F8
INIT_3c = 2EBCCAFD577CBEFFF7B404A5BF5886FDBFF9880B76EFFFAB8084001240A2FFFF
INIT_3d = BD44043FBDFFFF58A1040A9AAA4007FCEBFBD09F97FFF7FF10011000000008BF
INIT_3e = ED3242BEFFFF3FFFFEB5B0C0540148157A80005EFFFDA3FFFBE000E4FF94004F
INIT_3f = 6F5041DFBFEBC55FFFED4A800141403FFDE000595D4FD6FF74DB554A00174FA9
PORTA_ATTR:16384X1
WRITEMODEA:WRITE_FIRST
INIT_A = 0
SRVAL_A = 0
PORTB_ATTR:16384X1
WRITEMODEB:WRITE_FIRST
INIT_B = 0
SRVAL_B = 0


RAMB16
"u_imem/U0/xst_blk_mem_generator/gnativebmg.native_blk_mem_gen/valid.cstr/ramloo
p[4].ram.r/s3_init.ram/dpram.dp1x1.ram":
INIT_00 = 311FB3003E203F9100580000000C0002310043000220600100180000004041F9
INIT_01 = F0C0C08A00805C00C0000100000138F361A1740C39901E6180F0000000000033
INIT_02 = 00D008C00080080000000000040821DDC0D9691000000400000000000003B259
INIT_03 = 00C000000000100000BD00000023F57400C4000003801800000000000007C24F
INIT_04 = A6A0000000000009717FE80C00B94D04568000000000200025FF902100539678
INIT_05 = F480022000005300383BFEC0069AF5FFEC80000000001F57903FFB000141117F
INIT_06 = F8400002020003F7C059AACE0E0FFBFFFCC040844090800FF82FD7A60056EAFF
INIT_07 = FCC000F6181F8BFC005FA0046FFFFFFFFD40016C60003EBE003FE0103BABFFFF
INIT_08 = FCA003FF1623FFF8002FE800BFFF7FFFF8E00E7F0FC07FF001BFD002D1FF7FFF
INIT_09 = FD4C19FFF77FFFC0012FFA0293BFFFFFFDA000FFA48FFFE000EDF40706FFFFFF
INIT_0a = 7D409FFFFC37FFC0015FEA007E2800FFFD60EFFFFEFFFF80007FFE01C7F003FF
INIT_0b = 1CC32FFC4849FD000BFFF4031C7E7FBF3D400F14000FFE8000BFFB00F77B2A5F
INIT_0c = 176B71EFFFFA1A0001FFE75F00BC2F0F0C7387F9FFC1B280045FBC25F083431F
INIT_0d = 39FF2860055FF50000643FEC00C00CEF0D4703FEBBFF80000A5B91FC80800F7F
INIT_0e = 1ACE00003FC02400037FFFFA01FFE40F1AF4FFFFF8075F800083FFFC00E7E00F
INIT_0f = 12FCE2000017FC02FDFFFFF001DFE50E1AAF7C00005C00201EFFFFF801CFA30F
INIT_10 = 13BF1B9000000004BFFFFFC003CFF21E1BFEB90400008000CFFFFF8005CFE41A
INIT_11 = 00E02F02008000017FFFFF000BCFFE3F2E7FFC2000008000FFFFFEA003CFF722
INIT_12 = 00F00FA001000007BFFFFC000FDFF7BF0BE00F90414000027FFFFA8013D9DE2F
INIT_13 = 00F00FC004800015FFFFF4002FDFFEDF00E807680480000BEFFFFE0017FFFFDF
INIT_14 = 6BE003A00A80001FFFFFF0001FCFFF7F0BE80BD40100001AFFFFD8004FCFFE5F
INIT_15 = 37C001C82A000007FFFFE8005FCFFFDF0BF005E005000017FFFFE8002FCFFF7F
INIT_16 = FFC003A02200013FFFFFE0013FEFFFBF2FA003D40900001FFFFFC400BFC7FF9F
INIT_17 = 9FA001C0140000DBFFFF50007FC7BF3F7FC00890000000DDFFFFC000DFC7FF7F
INIT_18 = 17E808704A0000FFFFFE80057FC3FFBF2FD008506400007FFFFF4000BFC7FF7F
INIT_19 = 0FFA08F84A0002BFFFFE8002FFC7FF7F2FFA08E0A000007F7FFF0000FFE7FFBF
INIT_1a = BFA00871220000FFFFFE0000FF8FFFFF7FF00C30900001FFFFFD0001FF87FF7F
INIT_1b = 7FD00C11440002EFFFF800051C8FFFFF5FE80A02488000DFFFF5000B8B97FFFF
INIT_1c = 1FE50408CA2017FFFFFA00F69E8FFFFF7F500430294009FFFFFC400FF8C7FFFF
INIT_1d = FF20043568A00FFFFFF1C04BB79FFFFFFE80041A294005F7FFE5C63F9B8FFEFF
INIT_1e = 7FA00E1F295017FF31E24FEBFF5FFFFFFF500C0896282BFFFBB4133DFF9DFFFF
INIT_1f = 7FDA0606CA541FE808222CFFFF1BFFFE7F28043CAA880FFDC12250FFFE9FFDFF
INIT_20 = FD400601F7541FCF4480007FFF1FFBFEFFA0061170A03FEAB00001FFFE9FFBFF
INIT_21 = FE800207CA803FFFF800293FFD1FF7F2FE94021BD8481FD7558001FFFB1FF7FD
INIT_22 = FF400307EF801FFFFC0023BFFE0FEFFEFA00070FF4401FFFFA40319FFD3FFFF9
INIT_23 = FC000387FFA83FFFD12E0A9FEA2FDFEFFF5A0307B0303FFFF556B4BFFA0FFFFD
INIT_24 = FF400183FFE83FFFC06A72BFF23F7FFEF6800103FFF03FFFE20AB7FFFC3FBFFE
INIT_25 = FD000183FFF43FFFE00017FFE828FFFFE8000383FFE83FFFA02EB7FFF42EFFFF
INIT_26 = FC8000C3FFF03FFFA00037FFF003FFFFFA4001C3FFE83FFF90005EFFE809FFEF
INIT_27 = FF5501E1FFE83FFF40006FFFD02FFFFCFA0000C1FFE43FFF2000AFFFC007FFFE
INIT_28 = F20000707FF83FFF4002FFFFC07FFF6CC80000E0FFEC3FFEC000DFFFA07FFBBE
INIT_29 = FFD240B07FFC3FFF4000FFFFC03FFFFEFD0000707FFC3FFDA0017FFF405FF4AF
INIT_2a = FE48003C3FF83FFF4001BFFF00FFFFBFFF240038BFF81FFE8002FFFF80BF614A
INIT_2b = F700001E1FF83FFE0005FFFD007FDB9FFFA800783FFC3FFD0002FFFE80BFEE7A
INIT_2c = FEC2000E0FFC3FFA0005FFF501FD15BFFE68001E0FFC3FFC000BFFFD015FFFFF
INIT_2d = FFD55A0707FC3FEC0017FFB402288BFFFBF540EF17FC3FF4000BFFEA03F1AEFF
INIT_2e = FFD3450383FE1FF5001FFFE006DDEFFFFEF7D68783FE3FF0002FFF5003E716FF
INIT_2f = FD90000B81FE3FD4003FFFA00E7FFFFFF2040003C1FE1FD2000FFAB005B8FEDB
INIT_30 = EC0C0004E07F3FC0007FFA001BFFD57FF6A00001E0FF3F5000BFF400190BFFBE
INIT_31 = F2000002701F3D5002FFE800331FEFDFF8000000E03E1F3000BFEC005C8DFFC5
INIT_32 = FD41008C380F9D0005FFA000F6D5C7FFFC000000380F1E0001FFC0005F3FF2BB
INIT_33 = FD2400001A0399000BFE8001C0FFFFFFFE9040003C179E0003FF0001B52AFFFF
INIT_34 = FA92000107019C0017FE000786FBFE9FFFE510008E039E0017FD000BFFAAFFED
INIT_35 = ECD10001EBC0DC007FFC00767FDFFFD5D4000003D781D8001FF4001B8FFFBF7B
INIT_36 = FF77C367F1E07C00BFF801983FFFFFFFFFF20003F9C078003FF101D77FFFFFFF
INIT_37 = FE250003FF387804FFE878001FFFEFDFF554000FFCE87801FFD001813FFFB7FB
INIT_38 = EF400017FFEB1017FF785DFF95FFFFFFF0800007FFD23803FFF7C0220FFFFFFF
INIT_39 = FFA0044FFFFAE839A1FFFF76C7FFFFBFFEA0000FFFF8B802E10FF7EEAFFFFFFF
INIT_3a = FD90000FFDAB8F41FFFFAFF5DFFFFFFFFED782BFFFFF23F81FFFFFFFEFFFFED5
INIT_3b = E00462BFFFFFFFFFFFFFFFFE009FFFFFFF4A003FFF7FF3FFFFFFFDE8007FFFF8
INIT_3c = FEBCCAFFFFFFFFFFF7FFFB5A40A77FFDFFF9880B76EFFFFFFFFFFFEDBFFFFFFF
INIT_3d = FD44043FBDFFFFFFFFFBF56555BFFFFCEBFBD09FFFFFF7FFFFFFFFFFFFFFFFFF
INIT_3e = ED1202BFFFFF3FFFFFFFFFFFABFEB7FFFA80005EFFFDA3FFFFFFFF1B006BFFFF
INIT_3f = FF5041DFBFEBC55FFFFFFFFFFEBEBFFFFDE000595D4FD6FFFFFFFFFFFFFFFFA9
PORTA_ATTR:16384X1
WRITEMODEA:WRITE_FIRST
INIT_A = 0
SRVAL_A = 0
PORTB_ATTR:16384X1
WRITEMODEB:WRITE_FIRST
INIT_B = 0
SRVAL_B = 0


RAMB16
"u_imem/U0/xst_blk_mem_generator/gnativebmg.native_blk_mem_gen/valid.cstr/ramloo
p[5].ram.r/s3_init.ram/dpram.dp1x1.ram":
INIT_00 = C0800000000000000000000000000002C08000000000000000000000004041F9
INIT_01 = 004000000000000000000000000138F380000000000000000000000000000033
INIT_02 = 004000000000000000000000040821DD0040000000000000000000000003B259
INIT_03 = 0040000000000000007E00000023F5740040000000000000000000000007C24F
INIT_04 = A660000000000007FFFFF00C00B94D0456400000000000001FFFD00100539678
INIT_05 = F440022000003FFFC7FFFF40069AF5FFEC40000000001CFFFFFFFD000141117F
INIT_06 = F8C0000201FFFC003FFFFFF60E0FFBFFFC404084008FFFF007FFFFC60056EAFF
INIT_07 = FC4000F047E00003FFFFFFFE6FFFFFFFFCC0016C1FFFC001FFFFFFFC3BABFFFF
INIT_08 = FC60030020000007FFFFFFFFDFFF7FFFF8600E006000000FFFFFFFFF51FF7FFF
INIT_09 = FCCC18000100003FFFFFFFFD7BFFFFFFFC6002000400001FFFFFFFF8F6FFFFFF
INIT_0a = FCC098000010003FFFFFFFFF80D800FFFCE0EC000040007FFFFFFFFE3BF003FF
INIT_0b = FC431FFFB06302FFFFFFFFFCE001003FFCC020EBFC04017FFFFFFFFF0886007F
INIT_0c = FEEB8E70000165FFFFFFF8A000FFE11FFCF3FFFE00048D7FFFFFFFDA00C3430F
INIT_0d = F8FC7EFFFAA002FFFF9BC00000DFF80FFCC60421440037FFFFFC6E0000DFFB1F
INIT_0e = F9CEFFFFFFFFDBFFFC80000001DFFFEFF9F5FFFFFFF8A07FFF7C000000D3F9EF
INIT_0f = F1FC9DFFFFFFFFFD0200000001EFFCEFF9AF03FFFFFFFFFFE100000001FFFCEF
INIT_10 = F1BF446FFFFFFFFB4000000003EFFEFFF9FE86FBFFFFFFFF3000000005EFFCFF
INIT_11 = FFE000FDFF7FFFFE800000000BE01FC0FE0023DFFFFFFFFF0000000003EFFFDF
INIT_12 = FFF0105FFEFFFFF8400000000FEFFE5FFFE0006FBEBFFFFD8000000013EBDFCF
INIT_13 = FFF0083FFB7FFFEA000000002FEFFE1FFFE80097FB7FFFF41000000017EFFE1F
INIT_14 = FFE0005FF57FFFE0000000001FFFFF3FFFE8082BFEFFFFE5000000004FFFFE1F
INIT_15 = FFC00037D5FFFFF8000000005FFFFF9FFFF0041FFAFFFFE8000000002FFFFF1F
INIT_16 = FFC0025FDDFFFEC0000000013FFFFFBFFFA0022BF6FFFFE000000000BFF7FF9F
INIT_17 = FFA0013FEBFFFF24000000007FF7BFFFFFC0086FFFFFFF2200000000DFF7FFFF
INIT_18 = FFE8080FB5FFFF00000000057FF3FF3FFFD0082F9BFFFF8000000000BFF7FFBF
INIT_19 = FFFA0887B5FFFD4000000002FFF7FF7FFFFA089F5FFFFF8080000000FFF7FF3F
INIT_1a = FFA0084EDDFFFF0000000000FFFFFFFFFFF00C0F6FFFFE0000000001FFF7FF7F
INIT_1b = FFD00C0EBBFFFD10000000057EFFFFFFFFE80A1DB77FFF200000000BC7E7FFFF
INIT_1c = FFE50C0735DFE800000000DF7DFFFFFFFF500C2FD6BFF6000000000FFAF7FFFF
INIT_1d = FF200C1E975FF0000001D3B3B7EFFFFFFE800C15D6BFFA080001C7A6BDFFFFFF
INIT_1e = FFA0060CD6AFE80001A68F4BFFEFFFFFFF50040F69D7D4000004DFFFFFEDFFFF
INIT_1f = FFDA06053DABE01FE3E78CFFFFEBFFFFFF28040B7577F000D76693FFFFEFFFFF
INIT_20 = FD4006000CABE01D2180007FFFEFFFFFFFA006008F5FC01E332001FFFFEFFFFF
INIT_21 = FE8006003F7FC000000029FFFFEFFFFFFE94060027B7E01B600001FFFFEFFFFF
INIT_22 = FF400300107FE000000073DFFFEFFFFFFA0003000BFFE000000071FFFFCFFFFF
INIT_23 = FC0003800057C0000066669FFFCFFFFFFF5A03000FCFC0000016DAFFFFEFFFFF
INIT_24 = FF4003800017C000006E52BFFFDFFFFFF6800300000FC000004EF4FFFFDFFFFF
INIT_25 = FD000180000BC000008017FFFFDFFFFFE80001800017C000006AB7FFFFDFFFFF
INIT_26 = FC8001C0000FC000000037FFFFDFFFFFFA4001C00017C00000005EFFFFDFFFFF
INIT_27 = FF5500E00017C00000006FFFFFFFFFFFFA0001C0001BC0000000AFFFFFDFFFFF
INIT_28 = F20000F00007C0000002FFFFFFBFFFFFC80000E00013C0000000DFFFFFBFFFFF
INIT_29 = FFD240700003C0000000FFFFFFBFFFFFFD0000F00003C00000017FFFFFBFFFFF
INIT_2a = FE48007C0007C0000001BFFFFF7FFFFFFF2400780007E0000002FFFFFF3FFFFF
INIT_2b = F700003E0007C0000005FFFFFF7FFFFFFFA800380003C0000002FFFFFF7FFFFF
INIT_2c = FEC2003E0003C0000005FFFFFEFFFFFFFE68003E0003C000000BFFFFFE7FFFFF
INIT_2d = FFD55A1F0003C0000017FFFFFCFFFFFFFBF540DF0003C000000BFFFFFCFFFFFF
INIT_2e = FFD3450F8001E000001FFFFFF9FFFFFFFEF7D69F8001C000002FFFFFFDFFFFFF
INIT_2f = FD9000078001C000003FFFFFF3FFFFFFF204000FC001E000000FFFFFF9FFFEDB
INIT_30 = EC0C0003E000C000007FFFFFE3FFD57FF6A00007E000C00000BFFFFFE3FFFFBE
INIT_31 = F2000001F000C00002FFFFFFC7FFEFDFF8000003E001E00000BFFFFFA7FFFFC5
INIT_32 = FD41008DF800600005FFFFFF0FF5C7FFFC000001F800E00001FFFFFFAFFFF2BB
INIT_33 = FD2400007A0060000BFFFFFE1FFFFFFFFE904000FC00600003FFFFFE5FEAFFFF
INIT_34 = FA920001DF00600017FFFFF83EFBFE9FFFE51000BE00600017FFFFF43FAAFFED
INIT_35 = ECD10001FFC020007FFFFF88FFDFFFD5D4000003FF8020001FFFFFE47FFFBF7B
INIT_36 = FF77C367FEE00000BFFFFE27FFFFFFFFFFF20003FFC000003FFFFE24FFFFFFFF
INIT_37 = FE250003FFD80004FFFFA7FFFFFFEFDFF554000FFFE80001FFFFFA7FFFFFB7FB
INIT_38 = EF400017FFF30017FFA7FFFFFFFFFFFFF0800007FFFA0003FFFA3FFFFFFFFFFF
INIT_39 = FFA0044FFFFFE03EDFFFFFFFFFFFFFBFFEA0000FFFFF8002FAFFFFFFFFFFFFFF
INIT_3a = FD90000FFDABF0BFFFFFFFFFFFFFFFFFFED782BFFFFFF327FFFFFFFFFFFFFED5
INIT_3b = E00462BFFFFFFFFFFFFFFFFFFFFFFFFFFF4A003FFF7FFFFFFFFFFFFFFFFFFFF8
INIT_3c = FEBCCAFFFFFFFFFFF7FFFFFFFFFFFFFDFFF9880B76EFFFFFFFFFFFFFFFFFFFFF
INIT_3d = FD44043FBDFFFFFFFFFFFFFFFFFFFFFCEBFBD09FFFFFF7FFFFFFFFFFFFFFFFFF
INIT_3e = ED1202BFFFFF3FFFFFFFFFFFFFFFFFFFFA80005EFFFDA3FFFFFFFFFFFFFFFFFF
INIT_3f = FF5041DFBFEBC55FFFFFFFFFFFFFFFFFFDE000595D4FD6FFFFFFFFFFFFFFFFA9
PORTA_ATTR:16384X1
WRITEMODEA:WRITE_FIRST
INIT_A = 0
SRVAL_A = 0
PORTB_ATTR:16384X1
WRITEMODEB:WRITE_FIRST
INIT_B = 0
SRVAL_B = 0


RAMB16
"u_imem/U0/xst_blk_mem_generator/gnativebmg.native_blk_mem_gen/valid.cstr/ramloo
p[6].ram.r/s3_init.ram/dpram.dp1x1.ram":
INIT_00 = FF800000000000000000000000000002FF8000000000000000000000004041F9
INIT_01 = FFC000000000000000000000000138F3FF800000000000000000000000000033
INIT_02 = FFC000000000000000000000040821DDFFC0000000000000000000000003B259
INIT_03 = FFC0000000000000000000000023F574FFC0000000000000000000000007C24F
INIT_04 = 59E00000000000000000000C00B94D04A9C00000000000000000100100539678
INIT_05 = 0BC002200000000000000040069AF5FF13C0000000001C00000001000141117F
INIT_06 = 07C0000200000000000000060E0FFBFF03C0408400800000000000060056EAFF
INIT_07 = 03C000F040000000000000006FFFFFFF03C0016C00000000000000003BABFFFF
INIT_08 = 03E0030030000000000000001FFF7FFF07E00E00600000000000000051FF7FFF
INIT_09 = 03CC1800070000000000000003FFFFFF03E002000C0000000000000006FFFFFF
INIT_0a = 03C0980001F000000000000000F800FF03E0EC0003C000000000000003F003FF
INIT_0b = 03C30000007F000000000000007F003F03C0200001FC00000000000000FE007F
INIT_0c = 01EB03FC0001E0000000000000C01F1F03F38000000780000000000000FCC31F
INIT_0d = 07FC7E00000000000000000000E0040F03C607D0000030000000000000E0071F
INIT_0e = 07CE0000000000000000000001FFE20F07F40000000000000000000000EFC40F
INIT_0f = 0FFC8000000000000000000001FFE20F07AF0000000000000000000001FFE20F
INIT_10 = 0FBF4000000000000000000003FFE01F07FE8000000000000000000005FFE21F
INIT_11 = 001FE00000000000000000000BFFE11F01FFE000000000000000000003FFE11F
INIT_12 = 000FF00000000000000000000FF00100001FE000000000000000000013F42110
INIT_13 = 000FF80000000000000000002FF001000017F000000000000000000017F00100
INIT_14 = 001FF00000000000000000001FF000200017F80000000000000000004FF00100
INIT_15 = 003FF00000000000000000005FF000A0000FF40000000000000000002FF00020
INIT_16 = 003FF20000000000000000013FF00080005FF2000000000000000000BFF800A0
INIT_17 = 005FF10000000000000000007FF840C0003FF8000000000000000000DFF800C0
INIT_18 = 0017F80000000000000000057FFC00C0002FF8000000000000000000BFF800C0
INIT_19 = 0005F8800000000000000002FFF800800005F8800000000000000000FFF800C0
INIT_1a = 005FF8400000000000000000FFF00000000FFC000000000000000001FFF80080
INIT_1b = 002FFC00000000000000000579F000000017FA00000000000000000BF9F80000
INIT_1c = 001AFC0000000000000000F499F0000000AFFC20000000000000000FFDF80000
INIT_1d = 00DFFC140000000000012D68CFF00000017FFC10000000000001056CDBF00000
INIT_1e = 005FFE0C0000000002C0572BFFF0000000AFFC0800000000001C4765FFF20000
INIT_1f = 0025FE040800000A91836CFFFFF4000000D7FC082000000025004BFFFFF00000
INIT_20 = 02BFFE00040000031780007FFFF00000005FFE0000000011015801FFFFF00000
INIT_21 = 017FFE000A00000000002F9FFFF00000016BFE000000000A600001FFFFF00000
INIT_22 = 00BFFF00000000000000539FFFF0000005FFFF00004000000000159FFFF00000
INIT_23 = 03FFFF8000000000004A2A5FFFF0000000A5FF00000000000010B29FFFF00000
INIT_24 = 00BFFF8000000000000AB2BFFFE00000097FFF0000000000002ABFFFFFE00000
INIT_25 = 02FFFF8000000000008017FFFFE0000017FFFF80000000000006B7FFFFE00000
INIT_26 = 037FFFC000000000000037FFFFE0000005BFFFC00000000000005EFFFFE00000
INIT_27 = 00AAFFE00000000000006FFFFFC0000005FFFFC0000000000000AFFFFFE00000
INIT_28 = 0DFFFFF0000000000002FFFFFFC0000037FFFFE0000000000000DFFFFFC00000
INIT_29 = 002DBFF0000000000000FFFFFFC0000002FFFFF00000000000017FFFFFC00000
INIT_2a = 01B7FFFC000000000001BFFFFF80000000DBFFF8000000000002FFFFFFC00000
INIT_2b = 08FFFFFE000000000005FFFFFF8000000057FFF8000000000002FFFFFF800000
INIT_2c = 013DFFFE000000000005FFFFFF0000000197FFFE00000000000BFFFFFF800000
INIT_2d = 002AA5FF000000000017FFFFFF000000040ABF3F00000000000BFFFFFF000000
INIT_2e = 002CBAFF80000000001FFFFFFE0000000108297F80000000002FFFFFFE000000
INIT_2f = 026FFFFF80000000003FFFFFFC0000000DFBFFFFC0000000000FFFFFFE000124
INIT_30 = 13F3FFFFE0000000007FFFFFFC002A80095FFFFFE000000000BFFFFFFC000041
INIT_31 = 0DFFFFFFF000000002FFFFFFF800102007FFFFFFE000000000BFFFFFF800003A
INIT_32 = 02BEFF73F800000005FFFFFFF00A380003FFFFFFF800000001FFFFFFF0000D44
INIT_33 = 02DBFFFFFA0000000BFFFFFFE0000000016FBFFFFC00000003FFFFFFE0150000
INIT_34 = 056DFFFE3F00000017FFFFFFC1040160001AEFFF7E00000017FFFFFFC0550012
INIT_35 = 132EFFFE07C000007FFFFFFF0020002A2BFFFFFC0F8000001FFFFFFF80004084
INIT_36 = 00883C9801E00000BFFFFFC000000000000DFFFC03C000003FFFFFF800000000
INIT_37 = 01DAFFFC00380004FFFFC000000010200AABFFF000680001FFFFFC0000004804
INIT_38 = 10BFFFE800070017FFC00000000000000F7FFFF8000A0003FFFC000000000000
INIT_39 = 005FFBB00000603F0000000000000040015FFFF000018002FC00000000000000
INIT_3a = 026FFFF002540000000000000000000001287D40000013C0000000000000012A
INIT_3b = 1FFB9D4000000000000000000000000000B5FFC0008000000000000000000007
INIT_3c = 01433500000000000800000000000002000677F4891000000000000000000000
INIT_3d = 02BBFBC042000000000000000000000314042F60000008000000000000000000
INIT_3e = 12EDFD400000C0000000000000000000057FFFA100025C000000000000000000
INIT_3f = 00AFBE2040143AA00000000000000000021FFFA6A2B029000000000000000056
PORTA_ATTR:16384X1
WRITEMODEA:WRITE_FIRST
INIT_A = 0
SRVAL_A = 0
PORTB_ATTR:16384X1
WRITEMODEB:WRITE_FIRST
INIT_B = 0
SRVAL_B = 0


RAMB16
"u_imem/U0/xst_blk_mem_generator/gnativebmg.native_blk_mem_gen/valid.cstr/ramloo
p[7].ram.r/s3_init.ram/dpram.dp1x1.ram":
INIT_00 = 007FFFFFFFFFFFFFFFFFFFFFFFFFFFFD007FFFFFFFFFFFFFFFFFFFFFFFBFBE06
INIT_01 = 003FFFFFFFFFFFFFFFFFFFFFFFFEC70C007FFFFFFFFFFFFFFFFFFFFFFFFFFFCC
INIT_02 = 003FFFFFFFFFFFFFFFFFFFFFFBF7DE22003FFFFFFFFFFFFFFFFFFFFFFFFC4DA6
INIT_03 = 003FFFFFFFFFFFFFFFFFFFFFFFDC0A8B003FFFFFFFFFFFFFFFFFFFFFFFF83DB0
INIT_04 = 001FFFFFFFFFFFFFFFFFFFF3FF46B2FB003FFFFFFFFFFFFFFFFFEFFEFFAC6987
INIT_05 = 003FFDDFFFFFFFFFFFFFFFBFF9650A00003FFFFFFFFFE3FFFFFFFEFFFEBEEE80
INIT_06 = 003FFFFDFFFFFFFFFFFFFFF9F1F00400003FBF7BFF7FFFFFFFFFFFF9FFA91500
INIT_07 = 003FFF0FBFFFFFFFFFFFFFFF90000000003FFE93FFFFFFFFFFFFFFFFC4540000
INIT_08 = 001FFCFFCFFFFFFFFFFFFFFFE0008000001FF1FF9FFFFFFFFFFFFFFFAE008000
INIT_09 = 0033E7FFF8FFFFFFFFFFFFFFFC000000001FFDFFF3FFFFFFFFFFFFFFF9000000
INIT_0a = 003F67FFFE0FFFFFFFFFFFFFFF07FF00001F13FFFC3FFFFFFFFFFFFFFC0FFC00
INIT_0b = 003CFFFFFF80FFFFFFFFFFFFFF80FFC0003FDFFFFE03FFFFFFFFFFFFFF01FF80
INIT_0c = 0014FC03FFFE1FFFFFFFFFFFFF0000E0000C7FFFFFF87FFFFFFFFFFFFF003CE0
INIT_0d = 000381FFFFFFFFFFFFFFFFFFFF0003F00039F80FFFFFCFFFFFFFFFFFFF0000E0
INIT_0e = 0031FFFFFFFFFFFFFFFFFFFFFE0001F0000BFFFFFFFFFFFFFFFFFFFFFF0003F0
INIT_0f = 00037FFFFFFFFFFFFFFFFFFFFE0001F00050FFFFFFFFFFFFFFFFFFFFFE0001F0
INIT_10 = 0040BFFFFFFFFFFFFFFFFFFFFC0001E000017FFFFFFFFFFFFFFFFFFFFA0001E0
INIT_11 = 00001FFFFFFFFFFFFFFFFFFFF40000E000001FFFFFFFFFFFFFFFFFFFFC0000E0
INIT_12 = 00000FFFFFFFFFFFFFFFFFFFF00000E000001FFFFFFFFFFFFFFFFFFFEC0000E0
INIT_13 = 000007FFFFFFFFFFFFFFFFFFD00000E000000FFFFFFFFFFFFFFFFFFFE80000E0
INIT_14 = 00000FFFFFFFFFFFFFFFFFFFE00000C0000007FFFFFFFFFFFFFFFFFFB00000E0
INIT_15 = 00000FFFFFFFFFFFFFFFFFFFA000004000000BFFFFFFFFFFFFFFFFFFD00000C0
INIT_16 = 00000DFFFFFFFFFFFFFFFFFEC000004000000DFFFFFFFFFFFFFFFFFF40000040
INIT_17 = 00000EFFFFFFFFFFFFFFFFFF80000000000007FFFFFFFFFFFFFFFFFF20000000
INIT_18 = 000007FFFFFFFFFFFFFFFFFA80000000000007FFFFFFFFFFFFFFFFFF40000000
INIT_19 = 0000077FFFFFFFFFFFFFFFFD000000000000077FFFFFFFFFFFFFFFFF00000000
INIT_1a = 000007BFFFFFFFFFFFFFFFFF00000000000003FFFFFFFFFFFFFFFFFE00000000
INIT_1b = 000003FFFFFFFFFFFFFFFFFA80000000000005FFFFFFFFFFFFFFFFF400000000
INIT_1c = 000003FFFFFFFFFFFFFFFF0000000000000003DFFFFFFFFFFFFFFFF000000000
INIT_1d = 000003EBFFFFFFFFFFFE000400000000000003EFFFFFFFFFFFFE380000000000
INIT_1e = 000001F3FFFFFFFFFC19201400000000000003F7FFFFFFFFFFE3200000000000
INIT_1f = 000001FBF7FFFFE44C18130000000000000003F7DFFFFFFF0899240000000000
INIT_20 = 000001FFFBFFFFE0C87FFF8000000000000001FFFFFFFFE0CC87FE0000000000
INIT_21 = 000001FFF5FFFFFFFFFFD00000000000000001FFFFFFFFE49FFFFE0000000000
INIT_22 = 000000FFFFFFFFFFFFFF8C0000000000000000FFFFBFFFFFFFFF8A0000000000
INIT_23 = 0000007FFFFFFFFFFF91912000000000000000FFFFFFFFFFFFE9010000000000
INIT_24 = 0000007FFFFFFFFFFF910D4000000000000000FFFFFFFFFFFF91000000000000
INIT_25 = 0000007FFFFFFFFFFF7FE800000000000000007FFFFFFFFFFF91480000000000
INIT_26 = 0000003FFFFFFFFFFFFFC800000000000000003FFFFFFFFFFFFFA10000000000
INIT_27 = 0000001FFFFFFFFFFFFF9000000000000000003FFFFFFFFFFFFF500000000000
INIT_28 = 0000000FFFFFFFFFFFFD0000000000000000001FFFFFFFFFFFFF200000000000
INIT_29 = 0000000FFFFFFFFFFFFF0000000000000000000FFFFFFFFFFFFE800000000000
INIT_2a = 00000003FFFFFFFFFFFE40000000000000000007FFFFFFFFFFFD000000000000
INIT_2b = 00000001FFFFFFFFFFFA00000000000000000007FFFFFFFFFFFD000000000000
INIT_2c = 00000001FFFFFFFFFFFA00000000000000000001FFFFFFFFFFF4000000000000
INIT_2d = 00000000FFFFFFFFFFE800000000000000000000FFFFFFFFFFF4000000000000
INIT_2e = 000000007FFFFFFFFFE0000000000000000000007FFFFFFFFFD0000000000000
INIT_2f = 000000007FFFFFFFFFC0000000000000000000003FFFFFFFFFF0000000000000
INIT_30 = 000000001FFFFFFFFF80000000000000000000001FFFFFFFFF40000000000000
INIT_31 = 000000000FFFFFFFFD00000000000000000000001FFFFFFFFF40000000000000
INIT_32 = 0000000007FFFFFFFA000000000000000000000007FFFFFFFE00000000000000
INIT_33 = 0000000005FFFFFFF4000000000000000000000003FFFFFFFC00000000000000
INIT_34 = 0000000000FFFFFFE8000000000000000000000001FFFFFFE800000000000000
INIT_35 = 00000000003FFFFF800000000000000000000000007FFFFFE000000000000000
INIT_36 = 00000000001FFFFF400000000000000000000000003FFFFFC000000000000000
INIT_37 = 000000000007FFFB0000000000000000000000000017FFFE0000000000000000
INIT_38 = 000000000000FFE80000000000000000000000000005FFFC0000000000000000
INIT_39 = 0000000000001FC000000000000000000000000000007FFD0000000000000000
INIT_3a = 000000000000000000000000000000000000000000000C000000000000000000
INIT_3b = 0000000000000000000000000000000000000000000000000000000000000000
INIT_3c = 0000000000000000000000000000000000000000000000000000000000000000
INIT_3d = 0000000000000000000000000000000000000000000000000000000000000000
INIT_3e = 0000000000000000000000000000000000000000000000000000000000000000
INIT_3f = 0000000000000000000000000000000000000000000000000000000000000000
PORTA_ATTR:16384X1
WRITEMODEA:WRITE_FIRST
INIT_A = 0
SRVAL_A = 0
PORTB_ATTR:16384X1
WRITEMODEB:WRITE_FIRST
INIT_B = 0
SRVAL_B = 0



Section 12 - Control Set Information
------------------------------------
No control set information for this architecture.

Section 13 - Utilization by Hierarchy
-------------------------------------
+--------------------------------------------------------------------------------------------------------------------------------------------------------------------------------------------------------------------------------------------------------------------+
| Module                            | Partition | Slices        | Slice Reg     | LUTs          | LUTRAM        | BRAM      | MULT18X18 | BUFG  | DCM   | Full Hierarchical Name                                                                                     |
+--------------------------------------------------------------------------------------------------------------------------------------------------------------------------------------------------------------------------------------------------------------------+
| top/                              |           | 0/947         | 0/708         | 0/1486        | 0/0           | 0/8       | 0/0       | 1/1   | 0/0   | top                                                                                                        |
| +u_buffer                         |           | 10/10         | 14/14         | 9/9           | 0/0           | 0/0       | 0/0       | 0/0   | 0/0   | top/u_buffer                                                                                               |
| +u_controller                     |           | 17/17         | 18/18         | 31/31         | 0/0           | 0/0       | 0/0       | 0/0   | 0/0   | top/u_controller                                                                                           |
| +u_dpcm                           |           | 359/457       | 321/321       | 671/816       | 0/0           | 0/0       | 0/0       | 0/0   | 0/0   | top/u_dpcm                                                                                                 |
| ++add1                            |           | 0/11          | 0/0           | 0/14          | 0/0           | 0/0       | 0/0       | 0/0   | 0/0   | top/u_dpcm/add1                                                                                            |
| +++cla4_0                         |           | 3/3           | 0/0           | 4/4           | 0/0           | 0/0       | 0/0       | 0/0   | 0/0   | top/u_dpcm/add1/cla4_0                                                                                     |
| +++cla4_1                         |           | 1/3           | 0/0           | 1/3           | 0/0           | 0/0       | 0/0       | 0/0   | 0/0   | top/u_dpcm/add1/cla4_1                                                                                     |
| ++++clg4                          |           | 2/2           | 0/0           | 2/2           | 0/0           | 0/0       | 0/0       | 0/0   | 0/0   | top/u_dpcm/add1/cla4_1/clg4                                                                                |
| +++cla4_2                         |           | 0/2           | 0/0           | 0/2           | 0/0           | 0/0       | 0/0       | 0/0   | 0/0   | top/u_dpcm/add1/cla4_2                                                                                     |
| ++++clg4                          |           | 2/2           | 0/0           | 2/2           | 0/0           | 0/0       | 0/0       | 0/0   | 0/0   | top/u_dpcm/add1/cla4_2/clg4                                                                                |
| +++clg3                           |           | 3/3           | 0/0           | 5/5           | 0/0           | 0/0       | 0/0       | 0/0   | 0/0   | top/u_dpcm/add1/clg3                                                                                       |
| ++add2                            |           | 0/10          | 0/0           | 0/14          | 0/0           | 0/0       | 0/0       | 0/0   | 0/0   | top/u_dpcm/add2                                                                                            |
| +++cla4_0                         |           | 3/3           | 0/0           | 4/4           | 0/0           | 0/0       | 0/0       | 0/0   | 0/0   | top/u_dpcm/add2/cla4_0                                                                                     |
| +++cla4_1                         |           | 1/2           | 0/0           | 1/3           | 0/0           | 0/0       | 0/0       | 0/0   | 0/0   | top/u_dpcm/add2/cla4_1                                                                                     |
| ++++clg4                          |           | 1/1           | 0/0           | 2/2           | 0/0           | 0/0       | 0/0       | 0/0   | 0/0   | top/u_dpcm/add2/cla4_1/clg4                                                                                |
| +++cla4_2                         |           | 0/2           | 0/0           | 0/2           | 0/0           | 0/0       | 0/0       | 0/0   | 0/0   | top/u_dpcm/add2/cla4_2                                                                                     |
| ++++clg4                          |           | 2/2           | 0/0           | 2/2           | 0/0           | 0/0       | 0/0       | 0/0   | 0/0   | top/u_dpcm/add2/cla4_2/clg4                                                                                |
| +++clg3                           |           | 3/3           | 0/0           | 5/5           | 0/0           | 0/0       | 0/0       | 0/0   | 0/0   | top/u_dpcm/add2/clg3                                                                                       |
| ++cmp                             |           | 14/14         | 0/0           | 21/21         | 0/0           | 0/0       | 0/0       | 0/0   | 0/0   | top/u_dpcm/cmp                                                                                             |
| ++sub1                            |           | 17/32         | 0/0           | 25/48         | 0/0           | 0/0       | 0/0       | 0/0   | 0/0   | top/u_dpcm/sub1                                                                                            |
| +++cla4_0_1                       |           | 1/1           | 0/0           | 1/1           | 0/0           | 0/0       | 0/0       | 0/0   | 0/0   | top/u_dpcm/sub1/cla4_0_1                                                                                   |
| +++cla4_0_2                       |           | 2/2           | 0/0           | 3/3           | 0/0           | 0/0       | 0/0       | 0/0   | 0/0   | top/u_dpcm/sub1/cla4_0_2                                                                                   |
| +++cla4_1_1                       |           | 2/2           | 0/0           | 2/2           | 0/0           | 0/0       | 0/0       | 0/0   | 0/0   | top/u_dpcm/sub1/cla4_1_1                                                                                   |
| +++cla4_1_2                       |           | 0/2           | 0/0           | 0/3           | 0/0           | 0/0       | 0/0       | 0/0   | 0/0   | top/u_dpcm/sub1/cla4_1_2                                                                                   |
| ++++clg4                          |           | 2/2           | 0/0           | 3/3           | 0/0           | 0/0       | 0/0       | 0/0   | 0/0   | top/u_dpcm/sub1/cla4_1_2/clg4                                                                              |
| +++clg2_1                         |           | 3/3           | 0/0           | 5/5           | 0/0           | 0/0       | 0/0       | 0/0   | 0/0   | top/u_dpcm/sub1/clg2_1                                                                                     |
| +++clg2_2                         |           | 5/5           | 0/0           | 9/9           | 0/0           | 0/0       | 0/0       | 0/0   | 0/0   | top/u_dpcm/sub1/clg2_2                                                                                     |
| ++sub2                            |           | 16/31         | 0/0           | 25/48         | 0/0           | 0/0       | 0/0       | 0/0   | 0/0   | top/u_dpcm/sub2                                                                                            |
| +++cla4_0_1                       |           | 1/1           | 0/0           | 1/1           | 0/0           | 0/0       | 0/0       | 0/0   | 0/0   | top/u_dpcm/sub2/cla4_0_1                                                                                   |
| +++cla4_0_2                       |           | 2/2           | 0/0           | 3/3           | 0/0           | 0/0       | 0/0       | 0/0   | 0/0   | top/u_dpcm/sub2/cla4_0_2                                                                                   |
| +++cla4_1_1                       |           | 2/2           | 0/0           | 2/2           | 0/0           | 0/0       | 0/0       | 0/0   | 0/0   | top/u_dpcm/sub2/cla4_1_1                                                                                   |
| +++cla4_1_2                       |           | 0/2           | 0/0           | 0/3           | 0/0           | 0/0       | 0/0       | 0/0   | 0/0   | top/u_dpcm/sub2/cla4_1_2                                                                                   |
| ++++clg4                          |           | 2/2           | 0/0           | 3/3           | 0/0           | 0/0       | 0/0       | 0/0   | 0/0   | top/u_dpcm/sub2/cla4_1_2/clg4                                                                              |
| +++clg2_1                         |           | 3/3           | 0/0           | 5/5           | 0/0           | 0/0       | 0/0       | 0/0   | 0/0   | top/u_dpcm/sub2/clg2_1                                                                                     |
| +++clg2_2                         |           | 5/5           | 0/0           | 9/9           | 0/0           | 0/0       | 0/0       | 0/0   | 0/0   | top/u_dpcm/sub2/clg2_2                                                                                     |
| +u_golden                         |           | 363/363       | 202/202       | 567/567       | 0/0           | 0/0       | 0/0       | 0/0   | 0/0   | top/u_golden                                                                                               |
| +u_imem                           |           | 0/0           | 0/0           | 0/0           | 0/0           | 0/8       | 0/0       | 0/0   | 0/0   | top/u_imem                                                                                                 |
| ++U0                              |           | 0/0           | 0/0           | 0/0           | 0/0           | 0/8       | 0/0       | 0/0   | 0/0   | top/u_imem/U0                                                                                              |
| +++xst_blk_mem_generator          |           | 0/0           | 0/0           | 0/0           | 0/0           | 0/8       | 0/0       | 0/0   | 0/0   | top/u_imem/U0/xst_blk_mem_generator                                                                        |
| ++++gnativebmg.native_blk_mem_gen |           | 0/0           | 0/0           | 0/0           | 0/0           | 0/8       | 0/0       | 0/0   | 0/0   | top/u_imem/U0/xst_blk_mem_generator/gnativebmg.native_blk_mem_gen                                          |
| +++++valid.cstr                   |           | 0/0           | 0/0           | 0/0           | 0/0           | 0/8       | 0/0       | 0/0   | 0/0   | top/u_imem/U0/xst_blk_mem_generator/gnativebmg.native_blk_mem_gen/valid.cstr                               |
| ++++++ramloop[0].ram.r            |           | 0/0           | 0/0           | 0/0           | 0/0           | 0/1       | 0/0       | 0/0   | 0/0   | top/u_imem/U0/xst_blk_mem_generator/gnativebmg.native_blk_mem_gen/valid.cstr/ramloop[0].ram.r              |
| +++++++s3_init.ram                |           | 0/0           | 0/0           | 0/0           | 0/0           | 1/1       | 0/0       | 0/0   | 0/0   | top/u_imem/U0/xst_blk_mem_generator/gnativebmg.native_blk_mem_gen/valid.cstr/ramloop[0].ram.r/s3_init.ram  |
| ++++++ramloop[1].ram.r            |           | 0/0           | 0/0           | 0/0           | 0/0           | 0/1       | 0/0       | 0/0   | 0/0   | top/u_imem/U0/xst_blk_mem_generator/gnativebmg.native_blk_mem_gen/valid.cstr/ramloop[1].ram.r              |
| +++++++s3_init.ram                |           | 0/0           | 0/0           | 0/0           | 0/0           | 1/1       | 0/0       | 0/0   | 0/0   | top/u_imem/U0/xst_blk_mem_generator/gnativebmg.native_blk_mem_gen/valid.cstr/ramloop[1].ram.r/s3_init.ram  |
| ++++++ramloop[2].ram.r            |           | 0/0           | 0/0           | 0/0           | 0/0           | 0/1       | 0/0       | 0/0   | 0/0   | top/u_imem/U0/xst_blk_mem_generator/gnativebmg.native_blk_mem_gen/valid.cstr/ramloop[2].ram.r              |
| +++++++s3_init.ram                |           | 0/0           | 0/0           | 0/0           | 0/0           | 1/1       | 0/0       | 0/0   | 0/0   | top/u_imem/U0/xst_blk_mem_generator/gnativebmg.native_blk_mem_gen/valid.cstr/ramloop[2].ram.r/s3_init.ram  |
| ++++++ramloop[3].ram.r            |           | 0/0           | 0/0           | 0/0           | 0/0           | 0/1       | 0/0       | 0/0   | 0/0   | top/u_imem/U0/xst_blk_mem_generator/gnativebmg.native_blk_mem_gen/valid.cstr/ramloop[3].ram.r              |
| +++++++s3_init.ram                |           | 0/0           | 0/0           | 0/0           | 0/0           | 1/1       | 0/0       | 0/0   | 0/0   | top/u_imem/U0/xst_blk_mem_generator/gnativebmg.native_blk_mem_gen/valid.cstr/ramloop[3].ram.r/s3_init.ram  |
| ++++++ramloop[4].ram.r            |           | 0/0           | 0/0           | 0/0           | 0/0           | 0/1       | 0/0       | 0/0   | 0/0   | top/u_imem/U0/xst_blk_mem_generator/gnativebmg.native_blk_mem_gen/valid.cstr/ramloop[4].ram.r              |
| +++++++s3_init.ram                |           | 0/0           | 0/0           | 0/0           | 0/0           | 1/1       | 0/0       | 0/0   | 0/0   | top/u_imem/U0/xst_blk_mem_generator/gnativebmg.native_blk_mem_gen/valid.cstr/ramloop[4].ram.r/s3_init.ram  |
| ++++++ramloop[5].ram.r            |           | 0/0           | 0/0           | 0/0           | 0/0           | 0/1       | 0/0       | 0/0   | 0/0   | top/u_imem/U0/xst_blk_mem_generator/gnativebmg.native_blk_mem_gen/valid.cstr/ramloop[5].ram.r              |
| +++++++s3_init.ram                |           | 0/0           | 0/0           | 0/0           | 0/0           | 1/1       | 0/0       | 0/0   | 0/0   | top/u_imem/U0/xst_blk_mem_generator/gnativebmg.native_blk_mem_gen/valid.cstr/ramloop[5].ram.r/s3_init.ram  |
| ++++++ramloop[6].ram.r            |           | 0/0           | 0/0           | 0/0           | 0/0           | 0/1       | 0/0       | 0/0   | 0/0   | top/u_imem/U0/xst_blk_mem_generator/gnativebmg.native_blk_mem_gen/valid.cstr/ramloop[6].ram.r              |
| +++++++s3_init.ram                |           | 0/0           | 0/0           | 0/0           | 0/0           | 1/1       | 0/0       | 0/0   | 0/0   | top/u_imem/U0/xst_blk_mem_generator/gnativebmg.native_blk_mem_gen/valid.cstr/ramloop[6].ram.r/s3_init.ram  |
| ++++++ramloop[7].ram.r            |           | 0/0           | 0/0           | 0/0           | 0/0           | 0/1       | 0/0       | 0/0   | 0/0   | top/u_imem/U0/xst_blk_mem_generator/gnativebmg.native_blk_mem_gen/valid.cstr/ramloop[7].ram.r              |
| +++++++s3_init.ram                |           | 0/0           | 0/0           | 0/0           | 0/0           | 1/1       | 0/0       | 0/0   | 0/0   | top/u_imem/U0/xst_blk_mem_generator/gnativebmg.native_blk_mem_gen/valid.cstr/ramloop[7].ram.r/s3_init.ram  |
| +u_register4by4                   |           | 75/75         | 128/128       | 20/20         | 0/0           | 0/0       | 0/0       | 0/0   | 0/0   | top/u_register4by4                                                                                         |
| +u_uart_baud                      |           | 11/11         | 9/9           | 19/19         | 0/0           | 0/0       | 0/0       | 0/0   | 0/0   | top/u_uart_baud                                                                                            |
| +u_uart_trans                     |           | 14/14         | 16/16         | 24/24         | 0/0           | 0/0       | 0/0       | 0/0   | 0/0   | top/u_uart_trans                                                                                           |
+--------------------------------------------------------------------------------------------------------------------------------------------------------------------------------------------------------------------------------------------------------------------+

* Slices can be packed with basic elements from multiple hierarchies.
  Therefore, a slice will be counted in every hierarchical module
  that each of its packed basic elements belong to.
** For each column, there are two numbers reported <A>/<B>.
   <A> is the number of elements that belong to that specific hierarchical module.
   <B> is the total number of elements from that hierarchical module and any lower level
   hierarchical modules below.
*** The LUTRAM column counts all LUTs used as memory including RAM, ROM, and shift registers.
